<html>
<head>
<title>TestNG:  firefox Test</title>
<link href="../testng.css" rel="stylesheet" type="text/css" />
<link href="../my-testng.css" rel="stylesheet" type="text/css" />

<style type="text/css">
.log { display: none;} 
.stack-trace { display: none;} 
</style>
<script type="text/javascript">
<!--
function flip(e) {
  current = e.style.display;
  if (current == 'block') {
    e.style.display = 'none';
    return 0;
  }
  else {
    e.style.display = 'block';
    return 1;
  }
}

function toggleBox(szDivId, elem, msg1, msg2)
{
  var res = -1;  if (document.getElementById) {
    res = flip(document.getElementById(szDivId));
  }
  else if (document.all) {
    // this is the way old msie versions work
    res = flip(document.all[szDivId]);
  }
  if(elem) {
    if(res == 0) elem.innerHTML = msg1; else elem.innerHTML = msg2;
  }

}

function toggleAllBoxes() {
  if (document.getElementsByTagName) {
    d = document.getElementsByTagName('div');
    for (i = 0; i < d.length; i++) {
      if (d[i].className == 'log') {
        flip(d[i]);
      }
    }
  }
}

// -->
</script>

</head>
<body>
<h2 align='center'>firefox Test</h2><table border='1' align="center">
<tr>
<td>Tests passed/Failed/Skipped:</td><td>2/2/0</td>
</tr><tr>
<td>Started on:</td><td>Fri Aug 15 01:01:44 IST 2025</td>
</tr>
<tr><td>Total time:</td><td>150 seconds (150162 ms)</td>
</tr><tr>
<td>Included groups:</td><td></td>
</tr><tr>
<td>Excluded groups:</td><td></td>
</tr>
</table><p/>
<small><i>(Hover the method name to see the test class name)</i></small><p/>
<table width='100%' border='1' class='invocation-failed'>
<tr><td colspan='4' align='center'><b>FAILED TESTS</b></td></tr>
<tr><td><b>Test method</b></td>
<td><b>Attribute(s)</b></td>
<td width="30%"><b>Exception</b></td>
<td width="10%"><b>Time (seconds)</b></td>
<td><b>Instance</b></td>
</tr>
<tr>
<td title='testCases.TC023_VerifyAddressDetailsInCheckoutPage.testVerifyAddressDetailsInCheckoutPage()'><b>testVerifyAddressDetailsInCheckoutPage</b><br>Test class: testCases.TC023_VerifyAddressDetailsInCheckoutPage<br/>
<a href="#Output-1063723524" onClick='toggleBox("Output-1063723524", this, "Show output", "Hide output");'>Show output</a>

<a href="#Output-1063723524" onClick="toggleAllBoxes();">Show all outputs</a>
<div class='log' id="Output-1063723524">
Test Case:1.
testVerifyAddressDetailsInCheckoutPage started executing...<br/>
Navigating to baseURL: http://automationexercise.com<br/>
Home Page is displayed successfully
Navigate to home page and verified<br/>
'New User Signup!'- is visible,(Signup Page is opened Successfully)<br/>
Entered username: gsjjEK<br/>
Entered Email: vsNqgc@gmailSQJf<br/>
Filled account details<br/>
Clicked on Create Account<br/>
'Acount created'- is visible<br/>
Successfully 'LoggedInAs: gsjjEK<br/>
testVerifyAddressDetailsInCheckoutPage got failed.<br/>
--Taken screenshot:testVerifyAddressDetailsInCheckoutPage<br/>
</div>
</td>
<td><div><pre>org.openqa.selenium.interactions.MoveTargetOutOfBoundsException: Move target (540, 658) is out of bounds of viewport dimensions (1366, 643)
Build info: version: &apos;4.34.0&apos;, revision: &apos;707dcb4246*&apos;
System info: os.name: &apos;Windows 10&apos;, os.arch: &apos;amd64&apos;, os.version: &apos;10.0&apos;, java.version: &apos;21.0.1&apos;
Driver info: org.openqa.selenium.firefox.FirefoxDriver
Command: [b9815312-473e-4228-8c03-0d6092c35208, actions {actions=[org.openqa.selenium.interactions.Sequence@64c4c01]}]
Capabilities {acceptInsecureCerts: true, browserName: firefox, browserVersion: 141.0.3, moz:accessibilityChecks: false, moz:buildID: 20250806102122, moz:geckodriverVersion: 0.36.0, moz:headless: false, moz:platformVersion: 10.0, moz:processID: 8576, moz:profile: C:\Users\UDAYAS~1\AppData\L..., moz:shutdownTimeout: 60000, moz:webdriverClick: true, moz:windowless: false, pageLoadStrategy: normal, platformName: windows, proxy: Proxy(), setWindowRect: true, strictFileInteractability: false, timeouts: {implicit: 0, pageLoad: 300000, script: 30000}, unhandledPromptBehavior: dismiss and notify, userAgent: Mozilla/5.0 (Windows NT 10....}
Session ID: b9815312-473e-4228-8c03-0d6092c35208
	at org.openqa.selenium.remote.ErrorCodec.decode(ErrorCodec.java:167)
	at org.openqa.selenium.remote.codec.w3c.W3CHttpResponseCodec.decode(W3CHttpResponseCodec.java:138)
	at org.openqa.selenium.remote.codec.w3c.W3CHttpResponseCodec.decode(W3CHttpResponseCodec.java:50)
	at org.openqa.selenium.remote.HttpCommandExecutor.execute(HttpCommandExecutor.java:215)
	at org.openqa.selenium.remote.service.DriverCommandExecutor.invokeExecute(DriverCommandExecutor.java:216)
	at org.openqa.selenium.remote.service.DriverCommandExecutor.execute(DriverCommandExecutor.java:174)
	at org.openqa.selenium.remote.RemoteWebDriver.execute(RemoteWebDriver.java:544)
	at org.openqa.selenium.remote.RemoteWebDriver.perform(RemoteWebDriver.java:630)
	at org.openqa.selenium.interactions.Actions$BuiltAction.perform(Actions.java:616)
	at org.openqa.selenium.interactions.Actions.perform(Actions.java:581)
	at pageObjects.HomePage.mouseHoverToProduct1(HomePage.java:119)
	at testCases.TC023_VerifyAddressDetailsInCheckoutPage.testVerifyAddressDetailsInCheckoutPage(TC023_VerifyAddressDetailsInCheckoutPage.java:56)
	at java.base/java.util.ArrayList.forEach(ArrayList.java:1596)
... Removed 28 stack frames</pre></div><a href='#' onClick='toggleBox("stack-trace1063723524", this, "Click to show all stack frames", "Click to hide stack frames")'>Click to show all stack frames</a>
<div class='stack-trace' id='stack-trace1063723524'><pre>org.openqa.selenium.interactions.MoveTargetOutOfBoundsException: Move target (540, 658) is out of bounds of viewport dimensions (1366, 643)
Build info: version: &apos;4.34.0&apos;, revision: &apos;707dcb4246*&apos;
System info: os.name: &apos;Windows 10&apos;, os.arch: &apos;amd64&apos;, os.version: &apos;10.0&apos;, java.version: &apos;21.0.1&apos;
Driver info: org.openqa.selenium.firefox.FirefoxDriver
Command: [b9815312-473e-4228-8c03-0d6092c35208, actions {actions=[org.openqa.selenium.interactions.Sequence@64c4c01]}]
Capabilities {acceptInsecureCerts: true, browserName: firefox, browserVersion: 141.0.3, moz:accessibilityChecks: false, moz:buildID: 20250806102122, moz:geckodriverVersion: 0.36.0, moz:headless: false, moz:platformVersion: 10.0, moz:processID: 8576, moz:profile: C:\Users\UDAYAS~1\AppData\L..., moz:shutdownTimeout: 60000, moz:webdriverClick: true, moz:windowless: false, pageLoadStrategy: normal, platformName: windows, proxy: Proxy(), setWindowRect: true, strictFileInteractability: false, timeouts: {implicit: 0, pageLoad: 300000, script: 30000}, unhandledPromptBehavior: dismiss and notify, userAgent: Mozilla/5.0 (Windows NT 10....}
Session ID: b9815312-473e-4228-8c03-0d6092c35208
	at java.base/jdk.internal.reflect.DirectConstructorHandleAccessor.newInstance(DirectConstructorHandleAccessor.java:62)
	at java.base/java.lang.reflect.Constructor.newInstanceWithCaller(Constructor.java:502)
	at java.base/java.lang.reflect.Constructor.newInstance(Constructor.java:486)
	at org.openqa.selenium.remote.ErrorCodec.decode(ErrorCodec.java:167)
	at org.openqa.selenium.remote.codec.w3c.W3CHttpResponseCodec.decode(W3CHttpResponseCodec.java:138)
	at org.openqa.selenium.remote.codec.w3c.W3CHttpResponseCodec.decode(W3CHttpResponseCodec.java:50)
	at org.openqa.selenium.remote.HttpCommandExecutor.execute(HttpCommandExecutor.java:215)
	at org.openqa.selenium.remote.service.DriverCommandExecutor.invokeExecute(DriverCommandExecutor.java:216)
	at org.openqa.selenium.remote.service.DriverCommandExecutor.execute(DriverCommandExecutor.java:174)
	at org.openqa.selenium.remote.RemoteWebDriver.execute(RemoteWebDriver.java:544)
	at org.openqa.selenium.remote.RemoteWebDriver.perform(RemoteWebDriver.java:630)
	at org.openqa.selenium.interactions.Actions$BuiltAction.perform(Actions.java:616)
	at org.openqa.selenium.interactions.Actions.perform(Actions.java:581)
	at pageObjects.HomePage.mouseHoverToProduct1(HomePage.java:119)
	at testCases.TC023_VerifyAddressDetailsInCheckoutPage.testVerifyAddressDetailsInCheckoutPage(TC023_VerifyAddressDetailsInCheckoutPage.java:56)
	at java.base/jdk.internal.reflect.DirectMethodHandleAccessor.invoke(DirectMethodHandleAccessor.java:103)
	at java.base/java.lang.reflect.Method.invoke(Method.java:580)
	at org.testng.internal.invokers.MethodInvocationHelper.invokeMethod(MethodInvocationHelper.java:141)
	at org.testng.internal.invokers.TestInvoker.invokeMethod(TestInvoker.java:687)
	at org.testng.internal.invokers.TestInvoker.invokeTestMethod(TestInvoker.java:230)
	at org.testng.internal.invokers.MethodRunner.runInSequence(MethodRunner.java:63)
	at org.testng.internal.invokers.TestInvoker$MethodInvocationAgent.invoke(TestInvoker.java:995)
	at org.testng.internal.invokers.TestInvoker.invokeTestMethods(TestInvoker.java:203)
	at org.testng.internal.invokers.TestMethodWorker.invokeTestMethods(TestMethodWorker.java:154)
	at org.testng.internal.invokers.TestMethodWorker.run(TestMethodWorker.java:134)
	at java.base/java.util.ArrayList.forEach(ArrayList.java:1596)
	at org.testng.TestRunner.privateRun(TestRunner.java:741)
	at org.testng.TestRunner.run(TestRunner.java:616)
	at org.testng.SuiteRunner.runTest(SuiteRunner.java:421)
	at org.testng.SuiteRunner.runSequentially(SuiteRunner.java:413)
	at org.testng.SuiteRunner.privateRun(SuiteRunner.java:373)
	at org.testng.SuiteRunner.run(SuiteRunner.java:312)
	at org.testng.SuiteRunnerWorker.runSuite(SuiteRunnerWorker.java:52)
	at org.testng.SuiteRunnerWorker.run(SuiteRunnerWorker.java:95)
	at org.testng.TestNG.runSuitesSequentially(TestNG.java:1274)
	at org.testng.TestNG.runSuitesLocally(TestNG.java:1208)
	at org.testng.TestNG.runSuites(TestNG.java:1112)
	at org.testng.TestNG.run(TestNG.java:1079)
	at org.testng.remote.AbstractRemoteTestNG.run(AbstractRemoteTestNG.java:115)
	at org.testng.remote.RemoteTestNG.initAndRun(RemoteTestNG.java:293)
	at org.testng.remote.RemoteTestNG.main(RemoteTestNG.java:91)
</pre></div></td>
<td>28</td>
<td>testCases.TC023_VerifyAddressDetailsInCheckoutPage@30f842ca</td></tr>
<tr>
<td title='testCases.TC024_DownloadInvoiceAfterPurchaseOrder.testDownloadInvoiceAfterPurchaseOrder()'><b>testDownloadInvoiceAfterPurchaseOrder</b><br>Test class: testCases.TC024_DownloadInvoiceAfterPurchaseOrder<br/>
<a href="#Output-1952194564" onClick='toggleBox("Output-1952194564", this, "Show output", "Hide output");'>Show output</a>

<a href="#Output-1952194564" onClick="toggleAllBoxes();">Show all outputs</a>
<div class='log' id="Output-1952194564">
Test Case:2.
testDownloadInvoiceAfterPurchaseOrder started executing...<br/>
Navigating to baseURL: http://automationexercise.com<br/>
Home Page is displayed successfully
Navigate to home page and verified<br/>
testDownloadInvoiceAfterPurchaseOrder got failed.<br/>
--Taken screenshot:testDownloadInvoiceAfterPurchaseOrder<br/>
</div>
</td>
<td><div><pre>org.openqa.selenium.interactions.MoveTargetOutOfBoundsException: Move target (540, 658) is out of bounds of viewport dimensions (1366, 643)
Build info: version: &apos;4.34.0&apos;, revision: &apos;707dcb4246*&apos;
System info: os.name: &apos;Windows 10&apos;, os.arch: &apos;amd64&apos;, os.version: &apos;10.0&apos;, java.version: &apos;21.0.1&apos;
Driver info: org.openqa.selenium.firefox.FirefoxDriver
Command: [fe8e0bca-399a-49c7-b62d-e1ae65008035, actions {actions=[org.openqa.selenium.interactions.Sequence@33364212]}]
Capabilities {acceptInsecureCerts: true, browserName: firefox, browserVersion: 141.0.3, moz:accessibilityChecks: false, moz:buildID: 20250806102122, moz:geckodriverVersion: 0.36.0, moz:headless: false, moz:platformVersion: 10.0, moz:processID: 6464, moz:profile: C:\Users\UDAYAS~1\AppData\L..., moz:shutdownTimeout: 60000, moz:webdriverClick: true, moz:windowless: false, pageLoadStrategy: normal, platformName: windows, proxy: Proxy(), setWindowRect: true, strictFileInteractability: false, timeouts: {implicit: 0, pageLoad: 300000, script: 30000}, unhandledPromptBehavior: dismiss and notify, userAgent: Mozilla/5.0 (Windows NT 10....}
Session ID: fe8e0bca-399a-49c7-b62d-e1ae65008035
	at org.openqa.selenium.remote.ErrorCodec.decode(ErrorCodec.java:167)
	at org.openqa.selenium.remote.codec.w3c.W3CHttpResponseCodec.decode(W3CHttpResponseCodec.java:138)
	at org.openqa.selenium.remote.codec.w3c.W3CHttpResponseCodec.decode(W3CHttpResponseCodec.java:50)
	at org.openqa.selenium.remote.HttpCommandExecutor.execute(HttpCommandExecutor.java:215)
	at org.openqa.selenium.remote.service.DriverCommandExecutor.invokeExecute(DriverCommandExecutor.java:216)
	at org.openqa.selenium.remote.service.DriverCommandExecutor.execute(DriverCommandExecutor.java:174)
	at org.openqa.selenium.remote.RemoteWebDriver.execute(RemoteWebDriver.java:544)
	at org.openqa.selenium.remote.RemoteWebDriver.perform(RemoteWebDriver.java:630)
	at org.openqa.selenium.interactions.Actions$BuiltAction.perform(Actions.java:616)
	at org.openqa.selenium.interactions.Actions.perform(Actions.java:581)
	at pageObjects.HomePage.mouseHoverToProduct1(HomePage.java:119)
	at testCases.TC024_DownloadInvoiceAfterPurchaseOrder.testDownloadInvoiceAfterPurchaseOrder(TC024_DownloadInvoiceAfterPurchaseOrder.java:61)
	at java.base/java.util.ArrayList.forEach(ArrayList.java:1596)
... Removed 28 stack frames</pre></div><a href='#' onClick='toggleBox("stack-trace1952194564", this, "Click to show all stack frames", "Click to hide stack frames")'>Click to show all stack frames</a>
<div class='stack-trace' id='stack-trace1952194564'><pre>org.openqa.selenium.interactions.MoveTargetOutOfBoundsException: Move target (540, 658) is out of bounds of viewport dimensions (1366, 643)
Build info: version: &apos;4.34.0&apos;, revision: &apos;707dcb4246*&apos;
System info: os.name: &apos;Windows 10&apos;, os.arch: &apos;amd64&apos;, os.version: &apos;10.0&apos;, java.version: &apos;21.0.1&apos;
Driver info: org.openqa.selenium.firefox.FirefoxDriver
Command: [fe8e0bca-399a-49c7-b62d-e1ae65008035, actions {actions=[org.openqa.selenium.interactions.Sequence@33364212]}]
Capabilities {acceptInsecureCerts: true, browserName: firefox, browserVersion: 141.0.3, moz:accessibilityChecks: false, moz:buildID: 20250806102122, moz:geckodriverVersion: 0.36.0, moz:headless: false, moz:platformVersion: 10.0, moz:processID: 6464, moz:profile: C:\Users\UDAYAS~1\AppData\L..., moz:shutdownTimeout: 60000, moz:webdriverClick: true, moz:windowless: false, pageLoadStrategy: normal, platformName: windows, proxy: Proxy(), setWindowRect: true, strictFileInteractability: false, timeouts: {implicit: 0, pageLoad: 300000, script: 30000}, unhandledPromptBehavior: dismiss and notify, userAgent: Mozilla/5.0 (Windows NT 10....}
Session ID: fe8e0bca-399a-49c7-b62d-e1ae65008035
	at java.base/jdk.internal.reflect.DirectConstructorHandleAccessor.newInstance(DirectConstructorHandleAccessor.java:62)
	at java.base/java.lang.reflect.Constructor.newInstanceWithCaller(Constructor.java:502)
	at java.base/java.lang.reflect.Constructor.newInstance(Constructor.java:486)
	at org.openqa.selenium.remote.ErrorCodec.decode(ErrorCodec.java:167)
	at org.openqa.selenium.remote.codec.w3c.W3CHttpResponseCodec.decode(W3CHttpResponseCodec.java:138)
	at org.openqa.selenium.remote.codec.w3c.W3CHttpResponseCodec.decode(W3CHttpResponseCodec.java:50)
	at org.openqa.selenium.remote.HttpCommandExecutor.execute(HttpCommandExecutor.java:215)
	at org.openqa.selenium.remote.service.DriverCommandExecutor.invokeExecute(DriverCommandExecutor.java:216)
	at org.openqa.selenium.remote.service.DriverCommandExecutor.execute(DriverCommandExecutor.java:174)
	at org.openqa.selenium.remote.RemoteWebDriver.execute(RemoteWebDriver.java:544)
	at org.openqa.selenium.remote.RemoteWebDriver.perform(RemoteWebDriver.java:630)
	at org.openqa.selenium.interactions.Actions$BuiltAction.perform(Actions.java:616)
	at org.openqa.selenium.interactions.Actions.perform(Actions.java:581)
	at pageObjects.HomePage.mouseHoverToProduct1(HomePage.java:119)
	at testCases.TC024_DownloadInvoiceAfterPurchaseOrder.testDownloadInvoiceAfterPurchaseOrder(TC024_DownloadInvoiceAfterPurchaseOrder.java:61)
	at java.base/jdk.internal.reflect.DirectMethodHandleAccessor.invoke(DirectMethodHandleAccessor.java:103)
	at java.base/java.lang.reflect.Method.invoke(Method.java:580)
	at org.testng.internal.invokers.MethodInvocationHelper.invokeMethod(MethodInvocationHelper.java:141)
	at org.testng.internal.invokers.TestInvoker.invokeMethod(TestInvoker.java:687)
	at org.testng.internal.invokers.TestInvoker.invokeTestMethod(TestInvoker.java:230)
	at org.testng.internal.invokers.MethodRunner.runInSequence(MethodRunner.java:63)
	at org.testng.internal.invokers.TestInvoker$MethodInvocationAgent.invoke(TestInvoker.java:995)
	at org.testng.internal.invokers.TestInvoker.invokeTestMethods(TestInvoker.java:203)
	at org.testng.internal.invokers.TestMethodWorker.invokeTestMethods(TestMethodWorker.java:154)
	at org.testng.internal.invokers.TestMethodWorker.run(TestMethodWorker.java:134)
	at java.base/java.util.ArrayList.forEach(ArrayList.java:1596)
	at org.testng.TestRunner.privateRun(TestRunner.java:741)
	at org.testng.TestRunner.run(TestRunner.java:616)
	at org.testng.SuiteRunner.runTest(SuiteRunner.java:421)
	at org.testng.SuiteRunner.runSequentially(SuiteRunner.java:413)
	at org.testng.SuiteRunner.privateRun(SuiteRunner.java:373)
	at org.testng.SuiteRunner.run(SuiteRunner.java:312)
	at org.testng.SuiteRunnerWorker.runSuite(SuiteRunnerWorker.java:52)
	at org.testng.SuiteRunnerWorker.run(SuiteRunnerWorker.java:95)
	at org.testng.TestNG.runSuitesSequentially(TestNG.java:1274)
	at org.testng.TestNG.runSuitesLocally(TestNG.java:1208)
	at org.testng.TestNG.runSuites(TestNG.java:1112)
	at org.testng.TestNG.run(TestNG.java:1079)
	at org.testng.remote.AbstractRemoteTestNG.run(AbstractRemoteTestNG.java:115)
	at org.testng.remote.RemoteTestNG.initAndRun(RemoteTestNG.java:293)
	at org.testng.remote.RemoteTestNG.main(RemoteTestNG.java:91)
</pre></div></td>
<td>3</td>
<td>testCases.TC024_DownloadInvoiceAfterPurchaseOrder@4d15107f</td></tr>
</table><p>
<table width='100%' border='1' class='invocation-passed'>
<tr><td colspan='4' align='center'><b>PASSED TESTS</b></td></tr>
<tr><td><b>Test method</b></td>
<td><b>Attribute(s)</b></td>
<td width="30%"><b>Exception</b></td>
<td width="10%"><b>Time (seconds)</b></td>
<td><b>Instance</b></td>
</tr>
<tr>
<td title='testCases.TC026_VerifyScrollUpWithoutArrowButtonAndScrollDownFunctionality.testVerifyScrollUpWithoutArrowButtonAndScrollDownFunctionality()'><b>testVerifyScrollUpWithoutArrowButtonAndScrollDownFunctionality</b><br>Test class: testCases.TC026_VerifyScrollUpWithoutArrowButtonAndScrollDownFunctionality<br/>
<a href="#Output-1078448857" onClick='toggleBox("Output-1078448857", this, "Show output", "Hide output");'>Show output</a>

<a href="#Output-1078448857" onClick="toggleAllBoxes();">Show all outputs</a>
<div class='log' id="Output-1078448857">
Test Case:4.
testVerifyScrollUpWithoutArrowButtonAndScrollDownFunctionality started executing...<br/>
Navigating to baseURL: http://automationexercise.com<br/>
Home Page is displayed successfully
Navigate to home page and verified<br/>
Verified 'SUBSCRIPTION' is visible<br/>
testVerifyScrollUpWithoutArrowButtonAndScrollDownFunctionality got passed.<br/>
</div>
</td>
<td></td>
<td>2</td>
<td>testCases.TC026_VerifyScrollUpWithoutArrowButtonAndScrollDownFunctionality@5884a914</td></tr>
<tr>
<td title='testCases.TC025_VerifyScrollUpUsingArrowButtonAndScrollDownFunctionality.testVerifyScrollUpUsingArrowButtonAndScrollDownFunctionality()'><b>testVerifyScrollUpUsingArrowButtonAndScrollDownFunctionality</b><br>Test class: testCases.TC025_VerifyScrollUpUsingArrowButtonAndScrollDownFunctionality<br/>
<a href="#Output-175822565" onClick='toggleBox("Output-175822565", this, "Show output", "Hide output");'>Show output</a>

<a href="#Output-175822565" onClick="toggleAllBoxes();">Show all outputs</a>
<div class='log' id="Output-175822565">
Test Case:3.
testVerifyScrollUpUsingArrowButtonAndScrollDownFunctionality started executing...<br/>
Navigating to baseURL: http://automationexercise.com<br/>
Home Page is displayed successfully
Navigate to home page and verified<br/>
Verified 'SUBSCRIPTION' is visible<br/>
Verified that page is scrolled up and 'Full-Fledged practice website for Automation Engineers' text is visible on screen<br/>
testVerifyScrollUpUsingArrowButtonAndScrollDownFunctionality got passed.<br/>
</div>
</td>
<td></td>
<td>20</td>
<td>testCases.TC025_VerifyScrollUpUsingArrowButtonAndScrollDownFunctionality@7b4c50bc</td></tr>
</table><p>
</body>
</html>