<?xml version="1.0" encoding="UTF-8"?>
<!-- Generated by org.testng.reporters.JUnitXMLReporter -->
<testsuite ignored="0" hostname="DESKTOP-9T08QN7" failures="0" tests="1" name="Test" time="0.272" errors="0" timestamp="2025-08-15T19:05:29 IST">
  <testcase classname="BaseTest.BaseClass" name="@BeforeClass setup" time="-1.755264929006E9">
    <failure type="org.testng.TestNGException" message="
Parameter &amp;apos;Browser&amp;apos; is required by BeforeClass on method setup but has not been marked @Optional or defined
in C:\Users\Udayashankar\eclipse-workspace\PracticeAutomationExcercise\testng.xml">
      <![CDATA[org.testng.TestNGException: 
Parameter 'Browser' is required by BeforeClass on method setup but has not been marked @Optional or defined
in C:\Users\Udayashankar\eclipse-workspace\PracticeAutomationExcercise\testng.xml
at java.base/java.util.ArrayList.forEach(ArrayList.java:1596)
... Removed 22 stack frames]]>
    </failure>
  </testcase> <!-- @BeforeClass setup -->
  <testcase classname="BaseTest.BaseClass" name="@AfterClass tearDown" time="0.0">
    <skipped/>
  </testcase> <!-- @AfterClass tearDown -->
  <testcase classname="testCases.TC009_Improved" name="VerifySearchProduct" time="0.0">
    <skipped/>
  </testcase> <!-- VerifySearchProduct -->
</testsuite> <!-- Test -->
