<?xml version="1.0" encoding="UTF-8"?>
<!-- Generated by org.testng.reporters.JUnitXMLReporter -->
<testsuite ignored="0" hostname="DESKTOP-9T08QN7" failures="1" tests="1" name="Test logs" time="167.731" errors="0" timestamp="2025-08-15T19:12:12 IST">
  <testcase classname="testCases.TC009_Improved" name="VerifySearchProduct" time="45.306">
    <failure type="java.lang.AssertionError" message="Failure occurred: Product not matching search: sleeves printed top - white | expected to contain: shirt expected [true] but found [false]">
      <![CDATA[java.lang.AssertionError: Failure occurred: Product not matching search: sleeves printed top - white | expected to contain: shirt expected [true] but found [false]
at testCases.TC009_Improved.VerifySearchProduct(TC009_Improved.java:67)
at java.base/java.util.ArrayList.forEach(ArrayList.java:1596)
... Removed 26 stack frames]]>
    </failure>
  </testcase> <!-- VerifySearchProduct -->
</testsuite> <!-- Test logs -->
