<?xml version="1.0" encoding="UTF-8"?>
<!-- Generated by org.testng.reporters.JUnitXMLReporter -->
<testsuite ignored="0" hostname="DESKTOP-9T08QN7" failures="16" tests="29" name="FireFox Test" time="1281.183" errors="0" timestamp="2025-08-25T23:04:55 IST">
  <testcase classname="testCases.TC001_RegisterUser" name="VerifyHomePage" time="0.291"/>
  <testcase classname="testCases.TC001_RegisterUser" name="verifySignupRegistration" time="33.2">
    <failure type="java.lang.AssertionError" message="Mismatch in the title expected [Automation Exercise - Signup] but found [Automation Exercise - Signup / Login]">
      <![CDATA[java.lang.AssertionError: Mismatch in the title expected [Automation Exercise - Signup] but found [Automation Exercise - Signup / Login]
at testCases.TC001_RegisterUser.verifySignupRegistration(TC001_RegisterUser.java:83)
at java.base/java.util.ArrayList.forEach(ArrayList.java:1596)
... Removed 30 stack frames]]>
    </failure>
  </testcase> <!-- verifySignupRegistration -->
  <testcase classname="testCases.TC001_RegisterUser_improved" name="verifyUserRegistrationFlow" time="31.174"/>
  <testcase classname="testCases.TC002_LoginUserWithCorrectEmailAndPassword" name="verifyLoginUserWithCorrectEmailAndPasswordFlow" time="28.414"/>
  <testcase classname="testCases.TC003_LoginUserIncorrectEmailAndPassword" name="verifyLoginUserIncorrectEmailAndPasswordFlow" time="17.372"/>
  <testcase classname="testCases.TC004_LogoutUser" name="verifyLogoutUserFlow" time="15.362">
    <failure type="java.lang.AssertionError" message="Login page title is mis-match expected [Automation Exercise] but found [Automation Exercise - Signup / Login]">
      <![CDATA[java.lang.AssertionError: Login page title is mis-match expected [Automation Exercise] but found [Automation Exercise - Signup / Login]
at testCases.TC004_LogoutUser.verifyLogoutUserFlow(TC004_LogoutUser.java:63)
at java.base/java.util.ArrayList.forEach(ArrayList.java:1596)
... Removed 30 stack frames]]>
    </failure>
  </testcase> <!-- verifyLogoutUserFlow -->
  <testcase classname="testCases.TC005_RegisterUserWithExistingEmail" name="verifyRegisterUserWithExistingEmailFlow" time="11.823">
    <failure type="org.openqa.selenium.NoSuchElementException" message="Unable to locate element: //p[text()=&amp;apos;Email Address already exist!&amp;apos;]
For documentation on this error, please visit: https://www.selenium.dev/documentation/webdriver/troubleshooting/errors#no-such-element-exception
Build info: version: &amp;apos;4.35.0&amp;apos;, revision: &amp;apos;1c58e5028b&amp;apos;
System info: os.name: &amp;apos;Windows 10&amp;apos;, os.arch: &amp;apos;amd64&amp;apos;, os.version: &amp;apos;10.0&amp;apos;, java.version: &amp;apos;21.0.1&amp;apos;
Driver info: org.openqa.selenium.firefox.FirefoxDriver
Command: [109e7809-a0c8-4073-a956-3012edb36e82, findElement {using=xpath, value=//p[text()=&amp;apos;Email Address already exist!&amp;apos;]}]
Capabilities {acceptInsecureCerts: true, browserName: firefox, browserVersion: 142.0, moz:accessibilityChecks: false, moz:buildID: 20250811145442, moz:geckodriverVersion: 0.36.0, moz:headless: false, moz:platformVersion: 10.0, moz:processID: 11920, moz:profile: C:\Users\UDAYAS~1\AppData\L..., moz:shutdownTimeout: 60000, moz:webdriverClick: true, moz:windowless: false, pageLoadStrategy: normal, platformName: windows, proxy: Proxy(), setWindowRect: true, strictFileInteractability: false, timeouts: {implicit: 0, pageLoad: 300000, script: 30000}, unhandledPromptBehavior: dismiss and notify, userAgent: Mozilla/5.0 (Windows NT 10....}
Session ID: 109e7809-a0c8-4073-a956-3012edb36e82">
      <![CDATA[org.openqa.selenium.NoSuchElementException: Unable to locate element: //p[text()='Email Address already exist!']
For documentation on this error, please visit: https://www.selenium.dev/documentation/webdriver/troubleshooting/errors#no-such-element-exception
Build info: version: '4.35.0', revision: '1c58e5028b'
System info: os.name: 'Windows 10', os.arch: 'amd64', os.version: '10.0', java.version: '21.0.1'
Driver info: org.openqa.selenium.firefox.FirefoxDriver
Command: [109e7809-a0c8-4073-a956-3012edb36e82, findElement {using=xpath, value=//p[text()='Email Address already exist!']}]
Capabilities {acceptInsecureCerts: true, browserName: firefox, browserVersion: 142.0, moz:accessibilityChecks: false, moz:buildID: 20250811145442, moz:geckodriverVersion: 0.36.0, moz:headless: false, moz:platformVersion: 10.0, moz:processID: 11920, moz:profile: C:\Users\UDAYAS~1\AppData\L..., moz:shutdownTimeout: 60000, moz:webdriverClick: true, moz:windowless: false, pageLoadStrategy: normal, platformName: windows, proxy: Proxy(), setWindowRect: true, strictFileInteractability: false, timeouts: {implicit: 0, pageLoad: 300000, script: 30000}, unhandledPromptBehavior: dismiss and notify, userAgent: Mozilla/5.0 (Windows NT 10....}
Session ID: 109e7809-a0c8-4073-a956-3012edb36e82
at org.openqa.selenium.remote.ErrorCodec.decode(ErrorCodec.java:167)
at org.openqa.selenium.remote.codec.w3c.W3CHttpResponseCodec.decode(W3CHttpResponseCodec.java:138)
at org.openqa.selenium.remote.codec.w3c.W3CHttpResponseCodec.decode(W3CHttpResponseCodec.java:50)
at org.openqa.selenium.remote.HttpCommandExecutor.execute(HttpCommandExecutor.java:215)
at org.openqa.selenium.remote.service.DriverCommandExecutor.invokeExecute(DriverCommandExecutor.java:216)
at org.openqa.selenium.remote.service.DriverCommandExecutor.execute(DriverCommandExecutor.java:174)
at org.openqa.selenium.remote.RemoteWebDriver.execute(RemoteWebDriver.java:557)
at org.openqa.selenium.remote.ElementLocation$ElementFinder$2.findElement(ElementLocation.java:165)
at org.openqa.selenium.remote.ElementLocation.findElement(ElementLocation.java:59)
at org.openqa.selenium.remote.RemoteWebDriver.findElement(RemoteWebDriver.java:380)
at org.openqa.selenium.remote.RemoteWebDriver.findElement(RemoteWebDriver.java:374)
at org.openqa.selenium.support.pagefactory.DefaultElementLocator.findElement(DefaultElementLocator.java:68)
at org.openqa.selenium.support.pagefactory.internal.LocatingElementHandler.invoke(LocatingElementHandler.java:38)
at jdk.proxy2/jdk.proxy2.$Proxy31.isDisplayed(Unknown Source)
at pageObjects.HomePage.errorMsgEmailAlreadyExist(HomePage.java:186)
at testCases.TC005_RegisterUserWithExistingEmail.verifyRegisterUserWithExistingEmailFlow(TC005_RegisterUserWithExistingEmail.java:61)
at java.base/java.util.ArrayList.forEach(ArrayList.java:1596)
... Removed 28 stack frames]]>
    </failure>
  </testcase> <!-- verifyRegisterUserWithExistingEmailFlow -->
  <testcase classname="testCases.TC006_ContactUsForm" name="verifyContactUsForm" time="27.02"/>
  <testcase classname="testCases.TC007_VerifyTestCasesPage" name="verifyContactUsForm" time="8.406"/>
  <testcase classname="testCases.TC008_VerifyAllProductsAndProductDetailPage" name="VerifyAllProductsAndProductDetailPage" time="15.443">
    <failure type="org.openqa.selenium.NoSuchElementException" message="Unable to locate element: //a[@data-product-id=&amp;apos;2&amp;apos;]
For documentation on this error, please visit: https://www.selenium.dev/documentation/webdriver/troubleshooting/errors#no-such-element-exception
Build info: version: &amp;apos;4.35.0&amp;apos;, revision: &amp;apos;1c58e5028b&amp;apos;
System info: os.name: &amp;apos;Windows 10&amp;apos;, os.arch: &amp;apos;amd64&amp;apos;, os.version: &amp;apos;10.0&amp;apos;, java.version: &amp;apos;21.0.1&amp;apos;
Driver info: org.openqa.selenium.firefox.FirefoxDriver
Command: [36c8a98e-cefa-4a66-af4a-8b8099ffe175, findElement {using=xpath, value=//a[@data-product-id=&amp;apos;2&amp;apos;]}]
Capabilities {acceptInsecureCerts: true, browserName: firefox, browserVersion: 142.0, moz:accessibilityChecks: false, moz:buildID: 20250811145442, moz:geckodriverVersion: 0.36.0, moz:headless: false, moz:platformVersion: 10.0, moz:processID: 14788, moz:profile: C:\Users\UDAYAS~1\AppData\L..., moz:shutdownTimeout: 60000, moz:webdriverClick: true, moz:windowless: false, pageLoadStrategy: normal, platformName: windows, proxy: Proxy(), setWindowRect: true, strictFileInteractability: false, timeouts: {implicit: 0, pageLoad: 300000, script: 30000}, unhandledPromptBehavior: dismiss and notify, userAgent: Mozilla/5.0 (Windows NT 10....}
Session ID: 36c8a98e-cefa-4a66-af4a-8b8099ffe175">
      <![CDATA[org.openqa.selenium.NoSuchElementException: Unable to locate element: //a[@data-product-id='2']
For documentation on this error, please visit: https://www.selenium.dev/documentation/webdriver/troubleshooting/errors#no-such-element-exception
Build info: version: '4.35.0', revision: '1c58e5028b'
System info: os.name: 'Windows 10', os.arch: 'amd64', os.version: '10.0', java.version: '21.0.1'
Driver info: org.openqa.selenium.firefox.FirefoxDriver
Command: [36c8a98e-cefa-4a66-af4a-8b8099ffe175, findElement {using=xpath, value=//a[@data-product-id='2']}]
Capabilities {acceptInsecureCerts: true, browserName: firefox, browserVersion: 142.0, moz:accessibilityChecks: false, moz:buildID: 20250811145442, moz:geckodriverVersion: 0.36.0, moz:headless: false, moz:platformVersion: 10.0, moz:processID: 14788, moz:profile: C:\Users\UDAYAS~1\AppData\L..., moz:shutdownTimeout: 60000, moz:webdriverClick: true, moz:windowless: false, pageLoadStrategy: normal, platformName: windows, proxy: Proxy(), setWindowRect: true, strictFileInteractability: false, timeouts: {implicit: 0, pageLoad: 300000, script: 30000}, unhandledPromptBehavior: dismiss and notify, userAgent: Mozilla/5.0 (Windows NT 10....}
Session ID: 36c8a98e-cefa-4a66-af4a-8b8099ffe175
at org.openqa.selenium.remote.ErrorCodec.decode(ErrorCodec.java:167)
at org.openqa.selenium.remote.codec.w3c.W3CHttpResponseCodec.decode(W3CHttpResponseCodec.java:138)
at org.openqa.selenium.remote.codec.w3c.W3CHttpResponseCodec.decode(W3CHttpResponseCodec.java:50)
at org.openqa.selenium.remote.HttpCommandExecutor.execute(HttpCommandExecutor.java:215)
at org.openqa.selenium.remote.service.DriverCommandExecutor.invokeExecute(DriverCommandExecutor.java:216)
at org.openqa.selenium.remote.service.DriverCommandExecutor.execute(DriverCommandExecutor.java:174)
at org.openqa.selenium.remote.RemoteWebDriver.execute(RemoteWebDriver.java:557)
at org.openqa.selenium.remote.ElementLocation$ElementFinder$2.findElement(ElementLocation.java:165)
at org.openqa.selenium.remote.ElementLocation.findElement(ElementLocation.java:59)
at org.openqa.selenium.remote.RemoteWebDriver.findElement(RemoteWebDriver.java:380)
at org.openqa.selenium.remote.RemoteWebDriver.findElement(RemoteWebDriver.java:374)
at org.openqa.selenium.support.pagefactory.DefaultElementLocator.findElement(DefaultElementLocator.java:68)
at org.openqa.selenium.support.pagefactory.internal.LocatingElementHandler.invoke(LocatingElementHandler.java:38)
at jdk.proxy2/jdk.proxy2.$Proxy31.isDisplayed(Unknown Source)
at pageObjects.ProductsPage.FirstProductNameExist(ProductsPage.java:63)
at testCases.TC008_VerifyAllProductsAndProductDetailPage.isProductDetailsVisible(TC008_VerifyAllProductsAndProductDetailPage.java:97)
at testCases.TC008_VerifyAllProductsAndProductDetailPage.VerifyAllProductsAndProductDetailPage(TC008_VerifyAllProductsAndProductDetailPage.java:78)
at java.base/java.util.ArrayList.forEach(ArrayList.java:1596)
... Removed 28 stack frames]]>
    </failure>
  </testcase> <!-- VerifyAllProductsAndProductDetailPage -->
  <testcase classname="testCases.TC009_Improved" name="VerifySearchProduct" time="19.584">
    <failure type="java.lang.AssertionError" message="Failure occurred: Product not matching search: sleeves printed top - white | expected to contain: shirt expected [true] but found [false]">
      <![CDATA[java.lang.AssertionError: Failure occurred: Product not matching search: sleeves printed top - white | expected to contain: shirt expected [true] but found [false]
at testCases.TC009_Improved.VerifySearchProduct(TC009_Improved.java:67)
at java.base/java.util.ArrayList.forEach(ArrayList.java:1596)
... Removed 26 stack frames]]>
    </failure>
  </testcase> <!-- VerifySearchProduct -->
  <testcase classname="testCases.TC009_SearchProduct" name="VerifySearchProduct" time="17.198">
    <failure type="java.lang.AssertionError" message="Failure occurred: Product not matching search: sleeves printed top - white	searchedkey: shirt expected [true] but found [false]">
      <![CDATA[java.lang.AssertionError: Failure occurred: Product not matching search: sleeves printed top - whitesearchedkey: shirt expected [true] but found [false]
at testCases.TC009_SearchProduct.VerifySearchProduct(TC009_SearchProduct.java:95)
at java.base/java.util.ArrayList.forEach(ArrayList.java:1596)
... Removed 26 stack frames]]>
    </failure>
  </testcase> <!-- VerifySearchProduct -->
  <testcase classname="testCases.TC010_VerifySubscriptionInHomePage" name="VerifySubscriptionInHomePage" time="11.044"/>
  <testcase classname="testCases.TC011_VerifySubscriptionInCartPage" name="VerifySubscriptionInCartPage" time="6.804"/>
  <testcase classname="testCases.TC012_AddProductsInCart" name="VerifyAddProductsInCart" time="6.072">
    <failure type="org.openqa.selenium.interactions.MoveTargetOutOfBoundsException" message="Move target (540, 763) is out of bounds of viewport dimensions (1366, 643)
Build info: version: &amp;apos;4.35.0&amp;apos;, revision: &amp;apos;1c58e5028b&amp;apos;
System info: os.name: &amp;apos;Windows 10&amp;apos;, os.arch: &amp;apos;amd64&amp;apos;, os.version: &amp;apos;10.0&amp;apos;, java.version: &amp;apos;21.0.1&amp;apos;
Driver info: org.openqa.selenium.firefox.FirefoxDriver
Command: [42ed9ed7-fa41-4ecc-b462-58c61527f148, actions {actions=[org.openqa.selenium.interactions.Sequence@3e6f3ad5]}]
Capabilities {acceptInsecureCerts: true, browserName: firefox, browserVersion: 142.0, moz:accessibilityChecks: false, moz:buildID: 20250811145442, moz:geckodriverVersion: 0.36.0, moz:headless: false, moz:platformVersion: 10.0, moz:processID: 9964, moz:profile: C:\Users\UDAYAS~1\AppData\L..., moz:shutdownTimeout: 60000, moz:webdriverClick: true, moz:windowless: false, pageLoadStrategy: normal, platformName: windows, proxy: Proxy(), setWindowRect: true, strictFileInteractability: false, timeouts: {implicit: 0, pageLoad: 300000, script: 30000}, unhandledPromptBehavior: dismiss and notify, userAgent: Mozilla/5.0 (Windows NT 10....}
Session ID: 42ed9ed7-fa41-4ecc-b462-58c61527f148">
      <![CDATA[org.openqa.selenium.interactions.MoveTargetOutOfBoundsException: Move target (540, 763) is out of bounds of viewport dimensions (1366, 643)
Build info: version: '4.35.0', revision: '1c58e5028b'
System info: os.name: 'Windows 10', os.arch: 'amd64', os.version: '10.0', java.version: '21.0.1'
Driver info: org.openqa.selenium.firefox.FirefoxDriver
Command: [42ed9ed7-fa41-4ecc-b462-58c61527f148, actions {actions=[org.openqa.selenium.interactions.Sequence@3e6f3ad5]}]
Capabilities {acceptInsecureCerts: true, browserName: firefox, browserVersion: 142.0, moz:accessibilityChecks: false, moz:buildID: 20250811145442, moz:geckodriverVersion: 0.36.0, moz:headless: false, moz:platformVersion: 10.0, moz:processID: 9964, moz:profile: C:\Users\UDAYAS~1\AppData\L..., moz:shutdownTimeout: 60000, moz:webdriverClick: true, moz:windowless: false, pageLoadStrategy: normal, platformName: windows, proxy: Proxy(), setWindowRect: true, strictFileInteractability: false, timeouts: {implicit: 0, pageLoad: 300000, script: 30000}, unhandledPromptBehavior: dismiss and notify, userAgent: Mozilla/5.0 (Windows NT 10....}
Session ID: 42ed9ed7-fa41-4ecc-b462-58c61527f148
at org.openqa.selenium.remote.ErrorCodec.decode(ErrorCodec.java:167)
at org.openqa.selenium.remote.codec.w3c.W3CHttpResponseCodec.decode(W3CHttpResponseCodec.java:138)
at org.openqa.selenium.remote.codec.w3c.W3CHttpResponseCodec.decode(W3CHttpResponseCodec.java:50)
at org.openqa.selenium.remote.HttpCommandExecutor.execute(HttpCommandExecutor.java:215)
at org.openqa.selenium.remote.service.DriverCommandExecutor.invokeExecute(DriverCommandExecutor.java:216)
at org.openqa.selenium.remote.service.DriverCommandExecutor.execute(DriverCommandExecutor.java:174)
at org.openqa.selenium.remote.RemoteWebDriver.execute(RemoteWebDriver.java:557)
at org.openqa.selenium.remote.RemoteWebDriver.perform(RemoteWebDriver.java:643)
at org.openqa.selenium.interactions.Actions$BuiltAction.perform(Actions.java:616)
at org.openqa.selenium.interactions.Actions.perform(Actions.java:581)
at testCases.TC012_AddProductsInCart.VerifyAddProductsInCart(TC012_AddProductsInCart.java:57)
at java.base/java.util.ArrayList.forEach(ArrayList.java:1596)
... Removed 28 stack frames]]>
    </failure>
  </testcase> <!-- VerifyAddProductsInCart -->
  <testcase classname="testCases.TC013_VerifyProductQuantityInCart" name="VerifyProductQuantityInCart" time="16.912"/>
  <testcase classname="testCases.TC014_PlaceOrderRegisterWhileCheckout" name="VerifyPlaceOrderRegisterWhileCheckout" time="7.078">
    <failure type="java.lang.AssertionError" message="mis match title expected [Automation Exercise - Checkout] but found []">
      <![CDATA[java.lang.AssertionError: mis match title expected [Automation Exercise - Checkout] but found []
at testCases.TC014_PlaceOrderRegisterWhileCheckout.VerifyPlaceOrderRegisterWhileCheckout(TC014_PlaceOrderRegisterWhileCheckout.java:93)
at java.base/java.util.ArrayList.forEach(ArrayList.java:1596)
... Removed 30 stack frames]]>
    </failure>
  </testcase> <!-- VerifyPlaceOrderRegisterWhileCheckout -->
  <testcase classname="testCases.TC015_PlaceOrderRegisterBeforeCheckout" name="VerifyPlaceOrderRegisterBeforeCheckout" time="6.284">
    <failure type="org.openqa.selenium.NoSuchElementException" message="Unable to locate element: //input[@id=&amp;apos;id_gender1&amp;apos;]
For documentation on this error, please visit: https://www.selenium.dev/documentation/webdriver/troubleshooting/errors#no-such-element-exception
Build info: version: &amp;apos;4.35.0&amp;apos;, revision: &amp;apos;1c58e5028b&amp;apos;
System info: os.name: &amp;apos;Windows 10&amp;apos;, os.arch: &amp;apos;amd64&amp;apos;, os.version: &amp;apos;10.0&amp;apos;, java.version: &amp;apos;21.0.1&amp;apos;
Driver info: org.openqa.selenium.firefox.FirefoxDriver
Command: [aab2b803-4e02-4d7e-a660-ef2b22887c73, findElement {using=xpath, value=//input[@id=&amp;apos;id_gender1&amp;apos;]}]
Capabilities {acceptInsecureCerts: true, browserName: firefox, browserVersion: 142.0, moz:accessibilityChecks: false, moz:buildID: 20250811145442, moz:geckodriverVersion: 0.36.0, moz:headless: false, moz:platformVersion: 10.0, moz:processID: 18204, moz:profile: C:\Users\UDAYAS~1\AppData\L..., moz:shutdownTimeout: 60000, moz:webdriverClick: true, moz:windowless: false, pageLoadStrategy: normal, platformName: windows, proxy: Proxy(), setWindowRect: true, strictFileInteractability: false, timeouts: {implicit: 0, pageLoad: 300000, script: 30000}, unhandledPromptBehavior: dismiss and notify, userAgent: Mozilla/5.0 (Windows NT 10....}
Session ID: aab2b803-4e02-4d7e-a660-ef2b22887c73">
      <![CDATA[org.openqa.selenium.NoSuchElementException: Unable to locate element: //input[@id='id_gender1']
For documentation on this error, please visit: https://www.selenium.dev/documentation/webdriver/troubleshooting/errors#no-such-element-exception
Build info: version: '4.35.0', revision: '1c58e5028b'
System info: os.name: 'Windows 10', os.arch: 'amd64', os.version: '10.0', java.version: '21.0.1'
Driver info: org.openqa.selenium.firefox.FirefoxDriver
Command: [aab2b803-4e02-4d7e-a660-ef2b22887c73, findElement {using=xpath, value=//input[@id='id_gender1']}]
Capabilities {acceptInsecureCerts: true, browserName: firefox, browserVersion: 142.0, moz:accessibilityChecks: false, moz:buildID: 20250811145442, moz:geckodriverVersion: 0.36.0, moz:headless: false, moz:platformVersion: 10.0, moz:processID: 18204, moz:profile: C:\Users\UDAYAS~1\AppData\L..., moz:shutdownTimeout: 60000, moz:webdriverClick: true, moz:windowless: false, pageLoadStrategy: normal, platformName: windows, proxy: Proxy(), setWindowRect: true, strictFileInteractability: false, timeouts: {implicit: 0, pageLoad: 300000, script: 30000}, unhandledPromptBehavior: dismiss and notify, userAgent: Mozilla/5.0 (Windows NT 10....}
Session ID: aab2b803-4e02-4d7e-a660-ef2b22887c73
at org.openqa.selenium.remote.ErrorCodec.decode(ErrorCodec.java:167)
at org.openqa.selenium.remote.codec.w3c.W3CHttpResponseCodec.decode(W3CHttpResponseCodec.java:138)
at org.openqa.selenium.remote.codec.w3c.W3CHttpResponseCodec.decode(W3CHttpResponseCodec.java:50)
at org.openqa.selenium.remote.HttpCommandExecutor.execute(HttpCommandExecutor.java:215)
at org.openqa.selenium.remote.service.DriverCommandExecutor.invokeExecute(DriverCommandExecutor.java:216)
at org.openqa.selenium.remote.service.DriverCommandExecutor.execute(DriverCommandExecutor.java:174)
at org.openqa.selenium.remote.RemoteWebDriver.execute(RemoteWebDriver.java:557)
at org.openqa.selenium.remote.ElementLocation$ElementFinder$2.findElement(ElementLocation.java:165)
at org.openqa.selenium.remote.ElementLocation.findElement(ElementLocation.java:59)
at org.openqa.selenium.remote.RemoteWebDriver.findElement(RemoteWebDriver.java:380)
at org.openqa.selenium.remote.RemoteWebDriver.findElement(RemoteWebDriver.java:374)
at org.openqa.selenium.support.pagefactory.DefaultElementLocator.findElement(DefaultElementLocator.java:68)
at org.openqa.selenium.support.pagefactory.internal.LocatingElementHandler.invoke(LocatingElementHandler.java:38)
at jdk.proxy2/jdk.proxy2.$Proxy31.click(Unknown Source)
at pageObjects.SignupPage.clickMr(SignupPage.java:125)
at BaseTest.GenericScript.fillAccountDetailsWithRandomData(GenericScript.java:102)
at testCases.TC015_PlaceOrderRegisterBeforeCheckout.VerifyPlaceOrderRegisterBeforeCheckout(TC015_PlaceOrderRegisterBeforeCheckout.java:72)
at java.base/java.util.ArrayList.forEach(ArrayList.java:1596)
... Removed 28 stack frames]]>
    </failure>
  </testcase> <!-- VerifyPlaceOrderRegisterBeforeCheckout -->
  <testcase classname="testCases.TC016_PlaceOrderLoginBeforeCheckout" name="testPlaceOrderLoginBeforeCheckout" time="5.017">
    <failure type="java.lang.AssertionError" message="Login page title is mis-match expected [Automation Exercise] but found [Automation Exercise - Signup / Login]">
      <![CDATA[java.lang.AssertionError: Login page title is mis-match expected [Automation Exercise] but found [Automation Exercise - Signup / Login]
at testCases.TC016_PlaceOrderLoginBeforeCheckout.testPlaceOrderLoginBeforeCheckout(TC016_PlaceOrderLoginBeforeCheckout.java:75)
at java.base/java.util.ArrayList.forEach(ArrayList.java:1596)
... Removed 30 stack frames]]>
    </failure>
  </testcase> <!-- testPlaceOrderLoginBeforeCheckout -->
  <testcase classname="testCases.TC017_RemoveProductsFromCart" name="testRemoveProductsFromCart" time="2.951">
    <failure type="org.openqa.selenium.interactions.MoveTargetOutOfBoundsException" message="Move target (540, 658) is out of bounds of viewport dimensions (1366, 643)
Build info: version: &amp;apos;4.35.0&amp;apos;, revision: &amp;apos;1c58e5028b&amp;apos;
System info: os.name: &amp;apos;Windows 10&amp;apos;, os.arch: &amp;apos;amd64&amp;apos;, os.version: &amp;apos;10.0&amp;apos;, java.version: &amp;apos;21.0.1&amp;apos;
Driver info: org.openqa.selenium.firefox.FirefoxDriver
Command: [6b77a68e-19c9-4b6e-bca5-36d6a2f78dc1, actions {actions=[org.openqa.selenium.interactions.Sequence@7b5ffde0]}]
Capabilities {acceptInsecureCerts: true, browserName: firefox, browserVersion: 142.0, moz:accessibilityChecks: false, moz:buildID: 20250811145442, moz:geckodriverVersion: 0.36.0, moz:headless: false, moz:platformVersion: 10.0, moz:processID: 9428, moz:profile: C:\Users\UDAYAS~1\AppData\L..., moz:shutdownTimeout: 60000, moz:webdriverClick: true, moz:windowless: false, pageLoadStrategy: normal, platformName: windows, proxy: Proxy(), setWindowRect: true, strictFileInteractability: false, timeouts: {implicit: 0, pageLoad: 300000, script: 30000}, unhandledPromptBehavior: dismiss and notify, userAgent: Mozilla/5.0 (Windows NT 10....}
Session ID: 6b77a68e-19c9-4b6e-bca5-36d6a2f78dc1">
      <![CDATA[org.openqa.selenium.interactions.MoveTargetOutOfBoundsException: Move target (540, 658) is out of bounds of viewport dimensions (1366, 643)
Build info: version: '4.35.0', revision: '1c58e5028b'
System info: os.name: 'Windows 10', os.arch: 'amd64', os.version: '10.0', java.version: '21.0.1'
Driver info: org.openqa.selenium.firefox.FirefoxDriver
Command: [6b77a68e-19c9-4b6e-bca5-36d6a2f78dc1, actions {actions=[org.openqa.selenium.interactions.Sequence@7b5ffde0]}]
Capabilities {acceptInsecureCerts: true, browserName: firefox, browserVersion: 142.0, moz:accessibilityChecks: false, moz:buildID: 20250811145442, moz:geckodriverVersion: 0.36.0, moz:headless: false, moz:platformVersion: 10.0, moz:processID: 9428, moz:profile: C:\Users\UDAYAS~1\AppData\L..., moz:shutdownTimeout: 60000, moz:webdriverClick: true, moz:windowless: false, pageLoadStrategy: normal, platformName: windows, proxy: Proxy(), setWindowRect: true, strictFileInteractability: false, timeouts: {implicit: 0, pageLoad: 300000, script: 30000}, unhandledPromptBehavior: dismiss and notify, userAgent: Mozilla/5.0 (Windows NT 10....}
Session ID: 6b77a68e-19c9-4b6e-bca5-36d6a2f78dc1
at org.openqa.selenium.remote.ErrorCodec.decode(ErrorCodec.java:167)
at org.openqa.selenium.remote.codec.w3c.W3CHttpResponseCodec.decode(W3CHttpResponseCodec.java:138)
at org.openqa.selenium.remote.codec.w3c.W3CHttpResponseCodec.decode(W3CHttpResponseCodec.java:50)
at org.openqa.selenium.remote.HttpCommandExecutor.execute(HttpCommandExecutor.java:215)
at org.openqa.selenium.remote.service.DriverCommandExecutor.invokeExecute(DriverCommandExecutor.java:216)
at org.openqa.selenium.remote.service.DriverCommandExecutor.execute(DriverCommandExecutor.java:174)
at org.openqa.selenium.remote.RemoteWebDriver.execute(RemoteWebDriver.java:557)
at org.openqa.selenium.remote.RemoteWebDriver.perform(RemoteWebDriver.java:643)
at org.openqa.selenium.interactions.Actions$BuiltAction.perform(Actions.java:616)
at org.openqa.selenium.interactions.Actions.perform(Actions.java:581)
at pageObjects.HomePage.mouseHoverToProduct1(HomePage.java:119)
at testCases.TC017_RemoveProductsFromCart.testRemoveProductsFromCart(TC017_RemoveProductsFromCart.java:47)
at java.base/java.util.ArrayList.forEach(ArrayList.java:1596)
... Removed 28 stack frames]]>
    </failure>
  </testcase> <!-- testRemoveProductsFromCart -->
  <testcase classname="testCases.TC018_ViewCategoryProducts" name="testViewCategoryProducts" time="8.513">
    <failure type="org.openqa.selenium.NoSuchFrameException" message="Unable to locate frame with index: 6
Build info: version: &amp;apos;4.35.0&amp;apos;, revision: &amp;apos;1c58e5028b&amp;apos;
System info: os.name: &amp;apos;Windows 10&amp;apos;, os.arch: &amp;apos;amd64&amp;apos;, os.version: &amp;apos;10.0&amp;apos;, java.version: &amp;apos;21.0.1&amp;apos;
Driver info: org.openqa.selenium.firefox.FirefoxDriver
Command: [5fcf479a-f7da-4c68-8841-4c9ee415dad7, switchToFrame {id=6}]
Capabilities {acceptInsecureCerts: true, browserName: firefox, browserVersion: 142.0, moz:accessibilityChecks: false, moz:buildID: 20250811145442, moz:geckodriverVersion: 0.36.0, moz:headless: false, moz:platformVersion: 10.0, moz:processID: 4752, moz:profile: C:\Users\UDAYAS~1\AppData\L..., moz:shutdownTimeout: 60000, moz:webdriverClick: true, moz:windowless: false, pageLoadStrategy: normal, platformName: windows, proxy: Proxy(), setWindowRect: true, strictFileInteractability: false, timeouts: {implicit: 0, pageLoad: 300000, script: 30000}, unhandledPromptBehavior: dismiss and notify, userAgent: Mozilla/5.0 (Windows NT 10....}
Session ID: 5fcf479a-f7da-4c68-8841-4c9ee415dad7">
      <![CDATA[org.openqa.selenium.NoSuchFrameException: Unable to locate frame with index: 6
Build info: version: '4.35.0', revision: '1c58e5028b'
System info: os.name: 'Windows 10', os.arch: 'amd64', os.version: '10.0', java.version: '21.0.1'
Driver info: org.openqa.selenium.firefox.FirefoxDriver
Command: [5fcf479a-f7da-4c68-8841-4c9ee415dad7, switchToFrame {id=6}]
Capabilities {acceptInsecureCerts: true, browserName: firefox, browserVersion: 142.0, moz:accessibilityChecks: false, moz:buildID: 20250811145442, moz:geckodriverVersion: 0.36.0, moz:headless: false, moz:platformVersion: 10.0, moz:processID: 4752, moz:profile: C:\Users\UDAYAS~1\AppData\L..., moz:shutdownTimeout: 60000, moz:webdriverClick: true, moz:windowless: false, pageLoadStrategy: normal, platformName: windows, proxy: Proxy(), setWindowRect: true, strictFileInteractability: false, timeouts: {implicit: 0, pageLoad: 300000, script: 30000}, unhandledPromptBehavior: dismiss and notify, userAgent: Mozilla/5.0 (Windows NT 10....}
Session ID: 5fcf479a-f7da-4c68-8841-4c9ee415dad7
at org.openqa.selenium.remote.ErrorCodec.decode(ErrorCodec.java:167)
at org.openqa.selenium.remote.codec.w3c.W3CHttpResponseCodec.decode(W3CHttpResponseCodec.java:138)
at org.openqa.selenium.remote.codec.w3c.W3CHttpResponseCodec.decode(W3CHttpResponseCodec.java:50)
at org.openqa.selenium.remote.HttpCommandExecutor.execute(HttpCommandExecutor.java:215)
at org.openqa.selenium.remote.service.DriverCommandExecutor.invokeExecute(DriverCommandExecutor.java:216)
at org.openqa.selenium.remote.service.DriverCommandExecutor.execute(DriverCommandExecutor.java:174)
at org.openqa.selenium.remote.RemoteWebDriver.execute(RemoteWebDriver.java:557)
at org.openqa.selenium.remote.RemoteWebDriver$RemoteTargetLocator.frame(RemoteWebDriver.java:1107)
at testCases.TC018_ViewCategoryProducts.testViewCategoryProducts(TC018_ViewCategoryProducts.java:73)
at java.base/java.util.ArrayList.forEach(ArrayList.java:1596)
... Removed 28 stack frames]]>
    </failure>
  </testcase> <!-- testViewCategoryProducts -->
  <testcase classname="testCases.TC019_ViewAndCartBrandProducts" name="testViewAndCartBrandProducts" time="13.153"/>
  <testcase classname="testCases.TC020_SearchProductsAndVerifyCartAfterLogin" name="testSearchProductsAndVerifyCartAfterLogin" time="8.77">
    <failure type="java.lang.AssertionError" message="The following asserts failed:
	Mis match in displayed product:little girls mr. panda shirt and searched product:Top expected [true] but found [false],
	Mis match in displayed product:colour blocked shirt – sky blue and searched product:Top expected [true] but found [false]">
      <![CDATA[java.lang.AssertionError: The following asserts failed:
Mis match in displayed product:little girls mr. panda shirt and searched product:Top expected [true] but found [false],
Mis match in displayed product:colour blocked shirt – sky blue and searched product:Top expected [true] but found [false]
at testCases.TC020_SearchProductsAndVerifyCartAfterLogin.testSearchProductsAndVerifyCartAfterLogin(TC020_SearchProductsAndVerifyCartAfterLogin.java:82)
at java.base/java.util.ArrayList.forEach(ArrayList.java:1596)
... Removed 27 stack frames]]>
    </failure>
  </testcase> <!-- testSearchProductsAndVerifyCartAfterLogin -->
  <testcase classname="testCases.TC021_AddReviewOnProduct" name="testAddReviewOnProduct" time="8.622"/>
  <testcase classname="testCases.TC022_AddToCartFromRecommendedItems" name="testAddToCartFromRecommendedItems" time="21.462">
    <failure type="java.lang.AssertionError" message="Unable to navigate to Cart page expected [true] but found [false]">
      <![CDATA[java.lang.AssertionError: Unable to navigate to Cart page expected [true] but found [false]
at testCases.TC022_AddToCartFromRecommendedItems.testAddToCartFromRecommendedItems(TC022_AddToCartFromRecommendedItems.java:65)
at java.base/java.util.ArrayList.forEach(ArrayList.java:1596)
... Removed 28 stack frames]]>
    </failure>
  </testcase> <!-- testAddToCartFromRecommendedItems -->
  <testcase classname="testCases.TC023_VerifyAddressDetailsInCheckoutPage" name="testVerifyAddressDetailsInCheckoutPage" time="23.215">
    <failure type="org.openqa.selenium.interactions.MoveTargetOutOfBoundsException" message="Move target (540, 658) is out of bounds of viewport dimensions (1366, 643)
Build info: version: &amp;apos;4.35.0&amp;apos;, revision: &amp;apos;1c58e5028b&amp;apos;
System info: os.name: &amp;apos;Windows 10&amp;apos;, os.arch: &amp;apos;amd64&amp;apos;, os.version: &amp;apos;10.0&amp;apos;, java.version: &amp;apos;21.0.1&amp;apos;
Driver info: org.openqa.selenium.firefox.FirefoxDriver
Command: [2de920da-a249-4a5c-8604-a93c534118e8, actions {actions=[org.openqa.selenium.interactions.Sequence@3fe1a2ff]}]
Capabilities {acceptInsecureCerts: true, browserName: firefox, browserVersion: 142.0, moz:accessibilityChecks: false, moz:buildID: 20250811145442, moz:geckodriverVersion: 0.36.0, moz:headless: false, moz:platformVersion: 10.0, moz:processID: 8232, moz:profile: C:\Users\UDAYAS~1\AppData\L..., moz:shutdownTimeout: 60000, moz:webdriverClick: true, moz:windowless: false, pageLoadStrategy: normal, platformName: windows, proxy: Proxy(), setWindowRect: true, strictFileInteractability: false, timeouts: {implicit: 0, pageLoad: 300000, script: 30000}, unhandledPromptBehavior: dismiss and notify, userAgent: Mozilla/5.0 (Windows NT 10....}
Session ID: 2de920da-a249-4a5c-8604-a93c534118e8">
      <![CDATA[org.openqa.selenium.interactions.MoveTargetOutOfBoundsException: Move target (540, 658) is out of bounds of viewport dimensions (1366, 643)
Build info: version: '4.35.0', revision: '1c58e5028b'
System info: os.name: 'Windows 10', os.arch: 'amd64', os.version: '10.0', java.version: '21.0.1'
Driver info: org.openqa.selenium.firefox.FirefoxDriver
Command: [2de920da-a249-4a5c-8604-a93c534118e8, actions {actions=[org.openqa.selenium.interactions.Sequence@3fe1a2ff]}]
Capabilities {acceptInsecureCerts: true, browserName: firefox, browserVersion: 142.0, moz:accessibilityChecks: false, moz:buildID: 20250811145442, moz:geckodriverVersion: 0.36.0, moz:headless: false, moz:platformVersion: 10.0, moz:processID: 8232, moz:profile: C:\Users\UDAYAS~1\AppData\L..., moz:shutdownTimeout: 60000, moz:webdriverClick: true, moz:windowless: false, pageLoadStrategy: normal, platformName: windows, proxy: Proxy(), setWindowRect: true, strictFileInteractability: false, timeouts: {implicit: 0, pageLoad: 300000, script: 30000}, unhandledPromptBehavior: dismiss and notify, userAgent: Mozilla/5.0 (Windows NT 10....}
Session ID: 2de920da-a249-4a5c-8604-a93c534118e8
at org.openqa.selenium.remote.ErrorCodec.decode(ErrorCodec.java:167)
at org.openqa.selenium.remote.codec.w3c.W3CHttpResponseCodec.decode(W3CHttpResponseCodec.java:138)
at org.openqa.selenium.remote.codec.w3c.W3CHttpResponseCodec.decode(W3CHttpResponseCodec.java:50)
at org.openqa.selenium.remote.HttpCommandExecutor.execute(HttpCommandExecutor.java:215)
at org.openqa.selenium.remote.service.DriverCommandExecutor.invokeExecute(DriverCommandExecutor.java:216)
at org.openqa.selenium.remote.service.DriverCommandExecutor.execute(DriverCommandExecutor.java:174)
at org.openqa.selenium.remote.RemoteWebDriver.execute(RemoteWebDriver.java:557)
at org.openqa.selenium.remote.RemoteWebDriver.perform(RemoteWebDriver.java:643)
at org.openqa.selenium.interactions.Actions$BuiltAction.perform(Actions.java:616)
at org.openqa.selenium.interactions.Actions.perform(Actions.java:581)
at pageObjects.HomePage.mouseHoverToProduct1(HomePage.java:119)
at testCases.TC023_VerifyAddressDetailsInCheckoutPage.testVerifyAddressDetailsInCheckoutPage(TC023_VerifyAddressDetailsInCheckoutPage.java:66)
at java.base/java.util.ArrayList.forEach(ArrayList.java:1596)
... Removed 28 stack frames]]>
    </failure>
  </testcase> <!-- testVerifyAddressDetailsInCheckoutPage -->
  <testcase classname="testCases.TC024_DownloadInvoiceAfterPurchaseOrder" name="testDownloadInvoiceAfterPurchaseOrder" time="3.36">
    <failure type="org.openqa.selenium.interactions.MoveTargetOutOfBoundsException" message="Move target (540, 658) is out of bounds of viewport dimensions (1366, 643)
Build info: version: &amp;apos;4.35.0&amp;apos;, revision: &amp;apos;1c58e5028b&amp;apos;
System info: os.name: &amp;apos;Windows 10&amp;apos;, os.arch: &amp;apos;amd64&amp;apos;, os.version: &amp;apos;10.0&amp;apos;, java.version: &amp;apos;21.0.1&amp;apos;
Driver info: org.openqa.selenium.firefox.FirefoxDriver
Command: [def48db0-1f01-4bf5-be77-1a471e70e786, actions {actions=[org.openqa.selenium.interactions.Sequence@8dc73c7]}]
Capabilities {acceptInsecureCerts: true, browserName: firefox, browserVersion: 142.0, moz:accessibilityChecks: false, moz:buildID: 20250811145442, moz:geckodriverVersion: 0.36.0, moz:headless: false, moz:platformVersion: 10.0, moz:processID: 6820, moz:profile: C:\Users\UDAYAS~1\AppData\L..., moz:shutdownTimeout: 60000, moz:webdriverClick: true, moz:windowless: false, pageLoadStrategy: normal, platformName: windows, proxy: Proxy(), setWindowRect: true, strictFileInteractability: false, timeouts: {implicit: 0, pageLoad: 300000, script: 30000}, unhandledPromptBehavior: dismiss and notify, userAgent: Mozilla/5.0 (Windows NT 10....}
Session ID: def48db0-1f01-4bf5-be77-1a471e70e786">
      <![CDATA[org.openqa.selenium.interactions.MoveTargetOutOfBoundsException: Move target (540, 658) is out of bounds of viewport dimensions (1366, 643)
Build info: version: '4.35.0', revision: '1c58e5028b'
System info: os.name: 'Windows 10', os.arch: 'amd64', os.version: '10.0', java.version: '21.0.1'
Driver info: org.openqa.selenium.firefox.FirefoxDriver
Command: [def48db0-1f01-4bf5-be77-1a471e70e786, actions {actions=[org.openqa.selenium.interactions.Sequence@8dc73c7]}]
Capabilities {acceptInsecureCerts: true, browserName: firefox, browserVersion: 142.0, moz:accessibilityChecks: false, moz:buildID: 20250811145442, moz:geckodriverVersion: 0.36.0, moz:headless: false, moz:platformVersion: 10.0, moz:processID: 6820, moz:profile: C:\Users\UDAYAS~1\AppData\L..., moz:shutdownTimeout: 60000, moz:webdriverClick: true, moz:windowless: false, pageLoadStrategy: normal, platformName: windows, proxy: Proxy(), setWindowRect: true, strictFileInteractability: false, timeouts: {implicit: 0, pageLoad: 300000, script: 30000}, unhandledPromptBehavior: dismiss and notify, userAgent: Mozilla/5.0 (Windows NT 10....}
Session ID: def48db0-1f01-4bf5-be77-1a471e70e786
at org.openqa.selenium.remote.ErrorCodec.decode(ErrorCodec.java:167)
at org.openqa.selenium.remote.codec.w3c.W3CHttpResponseCodec.decode(W3CHttpResponseCodec.java:138)
at org.openqa.selenium.remote.codec.w3c.W3CHttpResponseCodec.decode(W3CHttpResponseCodec.java:50)
at org.openqa.selenium.remote.HttpCommandExecutor.execute(HttpCommandExecutor.java:215)
at org.openqa.selenium.remote.service.DriverCommandExecutor.invokeExecute(DriverCommandExecutor.java:216)
at org.openqa.selenium.remote.service.DriverCommandExecutor.execute(DriverCommandExecutor.java:174)
at org.openqa.selenium.remote.RemoteWebDriver.execute(RemoteWebDriver.java:557)
at org.openqa.selenium.remote.RemoteWebDriver.perform(RemoteWebDriver.java:643)
at org.openqa.selenium.interactions.Actions$BuiltAction.perform(Actions.java:616)
at org.openqa.selenium.interactions.Actions.perform(Actions.java:581)
at pageObjects.HomePage.mouseHoverToProduct1(HomePage.java:119)
at testCases.TC024_DownloadInvoiceAfterPurchaseOrder.testDownloadInvoiceAfterPurchaseOrder(TC024_DownloadInvoiceAfterPurchaseOrder.java:71)
at java.base/java.util.ArrayList.forEach(ArrayList.java:1596)
... Removed 28 stack frames]]>
    </failure>
  </testcase> <!-- testDownloadInvoiceAfterPurchaseOrder -->
  <testcase classname="testCases.TC025_VerifyScrollUpUsingArrowButtonAndScrollDownFunctionality" name="testVerifyScrollUpUsingArrowButtonAndScrollDownFunctionality" time="18.647"/>
  <testcase classname="testCases.TC026_VerifyScrollUpWithoutArrowButtonAndScrollDownFunctionality" name="testVerifyScrollUpWithoutArrowButtonAndScrollDownFunctionality" time="3.095"/>
</testsuite> <!-- FireFox Test -->
