<?xml version="1.0" encoding="UTF-8"?>
<testng-results ignored="0" total="1" passed="0" failed="1" skipped="0">
  <reporter-output>
    <line>
      <![CDATA[Browser is Launched]]>
    </line>
    <line>
      <![CDATA[Browser Window is maximized ]]>
    </line>
    <line>
      <![CDATA[Navigating to baseURL: http://automationexercise.com]]>
    </line>
  </reporter-output>
  <suite started-at="2025-08-13T19:35:33 IST" name="Default suite" finished-at="2025-08-13T19:36:45 IST" duration-ms="72132">
    <groups>
    </groups>
    <test started-at="2025-08-13T19:35:33 IST" name="Default test" finished-at="2025-08-13T19:36:45 IST" duration-ms="72132">
      <class name="testCases.TC026_VerifyScrollUpWithoutArrowButtonAndScrollDownFunctionality">
        <test-method is-config="true" signature="setup()[pri:0, instance:testCases.TC026_VerifyScrollUpWithoutArrowButtonAndScrollDownFunctionality@2b40ff9c]" started-at="2025-08-13T19:35:33 IST" name="setup" finished-at="2025-08-13T19:36:13 IST" duration-ms="39476" status="PASS">
          <reporter-output>
            <line>
              <![CDATA[Browser is Launched]]>
            </line>
            <line>
              <![CDATA[Browser Window is maximized ]]>
            </line>
          </reporter-output>
        </test-method> <!-- setup -->
        <test-method signature="testVerifyScrollUpWithoutArrowButtonAndScrollDownFunctionality()[pri:0, instance:testCases.TC026_VerifyScrollUpWithoutArrowButtonAndScrollDownFunctionality@2b40ff9c]" started-at="2025-08-13T19:36:13 IST" name="testVerifyScrollUpWithoutArrowButtonAndScrollDownFunctionality" finished-at="2025-08-13T19:36:36 IST" duration-ms="23214" status="FAIL">
          <exception class="java.lang.AssertionError">
            <message>
              <![CDATA[Home page title mismatch expected [Automation Exercise] but found [automationexercise.com]]]>
            </message>
            <full-stacktrace>
              <![CDATA[java.lang.AssertionError: Home page title mismatch expected [Automation Exercise] but found [automationexercise.com]
at org.testng.Assert.fail(Assert.java:111)
at org.testng.Assert.failNotEquals(Assert.java:1590)
at org.testng.Assert.assertEqualsImpl(Assert.java:150)
at org.testng.Assert.assertEquals(Assert.java:132)
at org.testng.Assert.assertEquals(Assert.java:656)
at testCases.TC026_VerifyScrollUpWithoutArrowButtonAndScrollDownFunctionality.testVerifyScrollUpWithoutArrowButtonAndScrollDownFunctionality(TC026_VerifyScrollUpWithoutArrowButtonAndScrollDownFunctionality.java:37)
at java.base/jdk.internal.reflect.DirectMethodHandleAccessor.invoke(DirectMethodHandleAccessor.java:103)
at java.base/java.lang.reflect.Method.invoke(Method.java:580)
at org.testng.internal.invokers.MethodInvocationHelper.invokeMethod(MethodInvocationHelper.java:141)
at org.testng.internal.invokers.TestInvoker.invokeMethod(TestInvoker.java:687)
at org.testng.internal.invokers.TestInvoker.invokeTestMethod(TestInvoker.java:230)
at org.testng.internal.invokers.MethodRunner.runInSequence(MethodRunner.java:63)
at org.testng.internal.invokers.TestInvoker$MethodInvocationAgent.invoke(TestInvoker.java:995)
at org.testng.internal.invokers.TestInvoker.invokeTestMethods(TestInvoker.java:203)
at org.testng.internal.invokers.TestMethodWorker.invokeTestMethods(TestMethodWorker.java:154)
at org.testng.internal.invokers.TestMethodWorker.run(TestMethodWorker.java:134)
at java.base/java.util.ArrayList.forEach(ArrayList.java:1596)
at org.testng.TestRunner.privateRun(TestRunner.java:741)
at org.testng.TestRunner.run(TestRunner.java:616)
at org.testng.SuiteRunner.runTest(SuiteRunner.java:421)
at org.testng.SuiteRunner.runSequentially(SuiteRunner.java:413)
at org.testng.SuiteRunner.privateRun(SuiteRunner.java:373)
at org.testng.SuiteRunner.run(SuiteRunner.java:312)
at org.testng.SuiteRunnerWorker.runSuite(SuiteRunnerWorker.java:52)
at org.testng.SuiteRunnerWorker.run(SuiteRunnerWorker.java:95)
at org.testng.TestNG.runSuitesSequentially(TestNG.java:1274)
at org.testng.TestNG.runSuitesLocally(TestNG.java:1208)
at org.testng.TestNG.runSuites(TestNG.java:1112)
at org.testng.TestNG.run(TestNG.java:1079)
at org.testng.remote.AbstractRemoteTestNG.run(AbstractRemoteTestNG.java:115)
at org.testng.remote.RemoteTestNG.initAndRun(RemoteTestNG.java:293)
at org.testng.remote.RemoteTestNG.main(RemoteTestNG.java:91)
]]>
            </full-stacktrace>
          </exception> <!-- java.lang.AssertionError -->
          <reporter-output>
            <line>
              <![CDATA[Navigating to baseURL: http://automationexercise.com]]>
            </line>
          </reporter-output>
        </test-method> <!-- testVerifyScrollUpWithoutArrowButtonAndScrollDownFunctionality -->
        <test-method is-config="true" signature="tearDown()[pri:0, instance:testCases.TC026_VerifyScrollUpWithoutArrowButtonAndScrollDownFunctionality@2b40ff9c]" started-at="2025-08-13T19:36:36 IST" name="tearDown" finished-at="2025-08-13T19:36:45 IST" duration-ms="9248" status="PASS">
          <reporter-output>
          </reporter-output>
        </test-method> <!-- tearDown -->
      </class> <!-- testCases.TC026_VerifyScrollUpWithoutArrowButtonAndScrollDownFunctionality -->
    </test> <!-- Default test -->
  </suite> <!-- Default suite -->
</testng-results>
