<?xml version="1.0" encoding="UTF-8"?>
<!-- Generated by org.testng.reporters.JUnitReportReporter -->
<testsuite hostname="DESKTOP-9T08QN7" failures="1" tests="2" name="testCases.TC015_PlaceOrderRegisterBeforeCheckout" time="49.815" errors="1" timestamp="2025-08-25T23:05:13 IST" skipped="0">
  <testcase classname="testCases.TC015_PlaceOrderRegisterBeforeCheckout" name="VerifyPlaceOrderRegisterBeforeCheckout" time="43.531">
    <failure message="Expected name:tZka is not in Delivery Address:Mr. oIRS RQsr expected [true] but found [false]" type="java.lang.AssertionError">
      <![CDATA[java.lang.AssertionError: Expected name:tZka is not in Delivery Address:Mr. oIRS RQsr expected [true] but found [false]
at org.testng.Assert.fail(Assert.java:111)
at org.testng.Assert.failNotEquals(Assert.java:1590)
at org.testng.Assert.assertTrue(Assert.java:57)
at testCases.TC015_PlaceOrderRegisterBeforeCheckout.VerifyPlaceOrderRegisterBeforeCheckout(TC015_PlaceOrderRegisterBeforeCheckout.java:107)
at java.base/jdk.internal.reflect.DirectMethodHandleAccessor.invoke(DirectMethodHandleAccessor.java:103)
at java.base/java.lang.reflect.Method.invoke(Method.java:580)
at org.testng.internal.invokers.MethodInvocationHelper.invokeMethod(MethodInvocationHelper.java:141)
at org.testng.internal.invokers.TestInvoker.invokeMethod(TestInvoker.java:687)
at org.testng.internal.invokers.TestInvoker.invokeTestMethod(TestInvoker.java:230)
at org.testng.internal.invokers.MethodRunner.runInSequence(MethodRunner.java:63)
at org.testng.internal.invokers.TestInvoker$MethodInvocationAgent.invoke(TestInvoker.java:995)
at org.testng.internal.invokers.TestInvoker.invokeTestMethods(TestInvoker.java:203)
at org.testng.internal.invokers.TestMethodWorker.invokeTestMethods(TestMethodWorker.java:154)
at org.testng.internal.invokers.TestMethodWorker.run(TestMethodWorker.java:134)
at java.base/java.util.ArrayList.forEach(ArrayList.java:1596)
at org.testng.TestRunner.privateRun(TestRunner.java:741)
at org.testng.TestRunner.run(TestRunner.java:616)
at org.testng.SuiteRunner.runTest(SuiteRunner.java:421)
at org.testng.SuiteRunner.runSequentially(SuiteRunner.java:413)
at org.testng.SuiteRunner.privateRun(SuiteRunner.java:373)
at org.testng.SuiteRunner.run(SuiteRunner.java:312)
at org.testng.SuiteRunnerWorker.runSuite(SuiteRunnerWorker.java:52)
at org.testng.SuiteRunnerWorker.run(SuiteRunnerWorker.java:95)
at org.testng.TestNG.runSuitesSequentially(TestNG.java:1274)
at org.testng.TestNG.runSuitesLocally(TestNG.java:1208)
at org.testng.TestNG.runSuites(TestNG.java:1112)
at org.testng.TestNG.run(TestNG.java:1079)
at org.testng.remote.AbstractRemoteTestNG.run(AbstractRemoteTestNG.java:115)
at org.testng.remote.RemoteTestNG.initAndRun(RemoteTestNG.java:293)
at org.testng.remote.RemoteTestNG.main(RemoteTestNG.java:91)
]]>
    </failure>
    <system-out>
      <![CDATA[Test Case:18.
VerifyPlaceOrderRegisterBeforeCheckout started executing...
Clicked on Signup link
'New User Signup!'- is visible
Entered username
Entered Email
clicked on Signup
Filled account details
Clicked on Create Account
 Click 'Signup / Login' button,Fill all details in Signup and create account
Verify 'ACCOUNT CREATED!' and click 'Continue' button, Verify ' Logged in as username' at top
Add products to cart, Click 'Cart' button, Verify that cart page is displayed
VerifyPlaceOrderRegisterBeforeCheckout got failed.
--Taken screenshot:VerifyPlaceOrderRegisterBeforeCheckout]]>
    </system-out>
  </testcase> <!-- VerifyPlaceOrderRegisterBeforeCheckout -->
  <testcase classname="testCases.TC015_PlaceOrderRegisterBeforeCheckout" name="VerifyPlaceOrderRegisterBeforeCheckout" time="6.284">
    <error message="Unable to locate element: //input[@id=&#039;id_gender1&#039;]
For documentation on this error, please visit: https://www.selenium.dev/documentation/webdriver/troubleshooting/errors#no-such-element-exception
Build info: version: &#039;4.35.0&#039;, revision: &#039;1c58e5028b&#039;
System info: os.name: &#039;Windows 10&#039;, os.arch: &#039;amd64&#039;, os.version: &#039;10.0&#039;, java.version: &#039;21.0.1&#039;
Driver info: org.openqa.selenium.firefox.FirefoxDriver
Command: [aab2b803-4e02-4d7e-a660-ef2b22887c73, findElement {using=xpath, value=//input[@id=&#039;id_gender1&#039;]}]
Capabilities {acceptInsecureCerts: true, browserName: firefox, browserVersion: 142.0, moz:accessibilityChecks: false, moz:buildID: 20250811145442, moz:geckodriverVersion: 0.36.0, moz:headless: false, moz:platformVersion: 10.0, moz:processID: 18204, moz:profile: C:\Users\UDAYAS~1\AppData\L..., moz:shutdownTimeout: 60000, moz:webdriverClick: true, moz:windowless: false, pageLoadStrategy: normal, platformName: windows, proxy: Proxy(), setWindowRect: true, strictFileInteractability: false, timeouts: {implicit: 0, pageLoad: 300000, script: 30000}, unhandledPromptBehavior: dismiss and notify, userAgent: Mozilla/5.0 (Windows NT 10....}
Session ID: aab2b803-4e02-4d7e-a660-ef2b22887c73" type="org.openqa.selenium.NoSuchElementException">
      <![CDATA[org.openqa.selenium.NoSuchElementException: Unable to locate element: //input[@id='id_gender1']
For documentation on this error, please visit: https://www.selenium.dev/documentation/webdriver/troubleshooting/errors#no-such-element-exception
Build info: version: '4.35.0', revision: '1c58e5028b'
System info: os.name: 'Windows 10', os.arch: 'amd64', os.version: '10.0', java.version: '21.0.1'
Driver info: org.openqa.selenium.firefox.FirefoxDriver
Command: [aab2b803-4e02-4d7e-a660-ef2b22887c73, findElement {using=xpath, value=//input[@id='id_gender1']}]
Capabilities {acceptInsecureCerts: true, browserName: firefox, browserVersion: 142.0, moz:accessibilityChecks: false, moz:buildID: 20250811145442, moz:geckodriverVersion: 0.36.0, moz:headless: false, moz:platformVersion: 10.0, moz:processID: 18204, moz:profile: C:\Users\UDAYAS~1\AppData\L..., moz:shutdownTimeout: 60000, moz:webdriverClick: true, moz:windowless: false, pageLoadStrategy: normal, platformName: windows, proxy: Proxy(), setWindowRect: true, strictFileInteractability: false, timeouts: {implicit: 0, pageLoad: 300000, script: 30000}, unhandledPromptBehavior: dismiss and notify, userAgent: Mozilla/5.0 (Windows NT 10....}
Session ID: aab2b803-4e02-4d7e-a660-ef2b22887c73
at java.base/jdk.internal.reflect.DirectConstructorHandleAccessor.newInstance(DirectConstructorHandleAccessor.java:62)
at java.base/java.lang.reflect.Constructor.newInstanceWithCaller(Constructor.java:502)
at java.base/java.lang.reflect.Constructor.newInstance(Constructor.java:486)
at org.openqa.selenium.remote.ErrorCodec.decode(ErrorCodec.java:167)
at org.openqa.selenium.remote.codec.w3c.W3CHttpResponseCodec.decode(W3CHttpResponseCodec.java:138)
at org.openqa.selenium.remote.codec.w3c.W3CHttpResponseCodec.decode(W3CHttpResponseCodec.java:50)
at org.openqa.selenium.remote.HttpCommandExecutor.execute(HttpCommandExecutor.java:215)
at org.openqa.selenium.remote.service.DriverCommandExecutor.invokeExecute(DriverCommandExecutor.java:216)
at org.openqa.selenium.remote.service.DriverCommandExecutor.execute(DriverCommandExecutor.java:174)
at org.openqa.selenium.remote.RemoteWebDriver.execute(RemoteWebDriver.java:557)
at org.openqa.selenium.remote.ElementLocation$ElementFinder$2.findElement(ElementLocation.java:165)
at org.openqa.selenium.remote.ElementLocation.findElement(ElementLocation.java:59)
at org.openqa.selenium.remote.RemoteWebDriver.findElement(RemoteWebDriver.java:380)
at org.openqa.selenium.remote.RemoteWebDriver.findElement(RemoteWebDriver.java:374)
at org.openqa.selenium.support.pagefactory.DefaultElementLocator.findElement(DefaultElementLocator.java:68)
at org.openqa.selenium.support.pagefactory.internal.LocatingElementHandler.invoke(LocatingElementHandler.java:38)
at jdk.proxy2/jdk.proxy2.$Proxy31.click(Unknown Source)
at pageObjects.SignupPage.clickMr(SignupPage.java:125)
at BaseTest.GenericScript.fillAccountDetailsWithRandomData(GenericScript.java:102)
at testCases.TC015_PlaceOrderRegisterBeforeCheckout.VerifyPlaceOrderRegisterBeforeCheckout(TC015_PlaceOrderRegisterBeforeCheckout.java:72)
at java.base/jdk.internal.reflect.DirectMethodHandleAccessor.invoke(DirectMethodHandleAccessor.java:103)
at java.base/java.lang.reflect.Method.invoke(Method.java:580)
at org.testng.internal.invokers.MethodInvocationHelper.invokeMethod(MethodInvocationHelper.java:141)
at org.testng.internal.invokers.TestInvoker.invokeMethod(TestInvoker.java:687)
at org.testng.internal.invokers.TestInvoker.invokeTestMethod(TestInvoker.java:230)
at org.testng.internal.invokers.MethodRunner.runInSequence(MethodRunner.java:63)
at org.testng.internal.invokers.TestInvoker$MethodInvocationAgent.invoke(TestInvoker.java:995)
at org.testng.internal.invokers.TestInvoker.invokeTestMethods(TestInvoker.java:203)
at org.testng.internal.invokers.TestMethodWorker.invokeTestMethods(TestMethodWorker.java:154)
at org.testng.internal.invokers.TestMethodWorker.run(TestMethodWorker.java:134)
at java.base/java.util.ArrayList.forEach(ArrayList.java:1596)
at org.testng.TestRunner.privateRun(TestRunner.java:741)
at org.testng.TestRunner.run(TestRunner.java:616)
at org.testng.SuiteRunner.runTest(SuiteRunner.java:421)
at org.testng.SuiteRunner.runSequentially(SuiteRunner.java:413)
at org.testng.SuiteRunner.privateRun(SuiteRunner.java:373)
at org.testng.SuiteRunner.run(SuiteRunner.java:312)
at org.testng.SuiteRunnerWorker.runSuite(SuiteRunnerWorker.java:52)
at org.testng.SuiteRunnerWorker.run(SuiteRunnerWorker.java:95)
at org.testng.TestNG.runSuitesSequentially(TestNG.java:1274)
at org.testng.TestNG.runSuitesLocally(TestNG.java:1208)
at org.testng.TestNG.runSuites(TestNG.java:1112)
at org.testng.TestNG.run(TestNG.java:1079)
at org.testng.remote.AbstractRemoteTestNG.run(AbstractRemoteTestNG.java:115)
at org.testng.remote.RemoteTestNG.initAndRun(RemoteTestNG.java:293)
at org.testng.remote.RemoteTestNG.main(RemoteTestNG.java:91)
]]>
    </error>
    <system-out>
      <![CDATA[Test Case:47.
VerifyPlaceOrderRegisterBeforeCheckout started executing...
Clicked on Signup link
'New User Signup!'- is visible
Entered username
Entered Email
clicked on Signup
VerifyPlaceOrderRegisterBeforeCheckout got failed.
--Taken screenshot:VerifyPlaceOrderRegisterBeforeCheckout]]>
    </system-out>
  </testcase> <!-- VerifyPlaceOrderRegisterBeforeCheckout -->
  <system-out>
    <![CDATA[******* Test Case execution started ******
Chrome browser is Launched.
Browser Window is maximized.
Test Case:1.
VerifyHomePage started executing...
Navigating to baseUrl: http://automationexercise.com
HomePage is displayed successfully
VerifyHomePage got passed.
Test Case:2.
verifySignupRegistration started executing...
Home Page is displayed successfully
'LoggedInAs(userName)
verifySignupRegistration got passed.
Browser is closed.

Chrome browser is Launched.
Browser Window is maximized.
Test Case:3.
verifyUserRegistrationFlow started executing...
Navigating to baseURL: http://automationexercise.com
Home Page is displayed successfully
'New User Signup!' is visible
Signup form submitted
'ENTER ACCOUNT INFORMATION' is visible
Filled account details
Clicked on Create Account
'ACCOUNT CREATED!' is visible
Clicked on Continue
User is logged in as User1
verifyUserRegistrationFlow got passed.
Browser is closed.

Chrome browser is Launched.
Browser Window is maximized.
Test Case:4.
verifyLoginUserWithCorrectEmailAndPasswordFlow started executing...
'Login to your account' is visible
verifyLoginUserWithCorrectEmailAndPasswordFlow got passed.
Browser is closed.

Chrome browser is Launched.
Browser Window is maximized.
Test Case:5.
verifyLoginUserIncorrectEmailAndPasswordFlow started executing...
HomePage is displayed
verifyLoginUserIncorrectEmailAndPasswordFlow got passed.
Browser is closed.

Chrome browser is Launched.
Browser Window is maximized.
Test Case:6.
verifyLogoutUserFlow started executing...
'Login to your account' is visible
Entered correct email address and password, Clicked 'login' button
verifyLogoutUserFlow got failed.
--Taken screenshot:verifyLogoutUserFlow
Browser is closed.

Chrome browser is Launched.
Browser Window is maximized.
Test Case:7.
verifyRegisterUserWithExistingEmailFlow started executing...
'New User Signup!' is visible
Entered name and already registered email address,Clicked 'Signup' button
verifyRegisterUserWithExistingEmailFlow got failed.
--Taken screenshot:verifyRegisterUserWithExistingEmailFlow
Browser is closed.

Chrome browser is Launched.
Browser Window is maximized.
Test Case:8.
verifyContactUsForm started executing...
Home Page is displayed successfully
Entered name, email, subject and message,Upload file,Click 'Submit' button,Click OK button
verifyContactUsForm got passed.
Browser is closed.

Chrome browser is Launched.
Browser Window is maximized.
Test Case:9.
verifyContactUsForm started executing...
Home Page is displayed successfully
verifyContactUsForm got passed.
Browser is closed.

Chrome browser is Launched.
Browser Window is maximized.
Test Case:10.
VerifyAllProductsAndProductDetailPage started executing...
Home Page is displayed successfully
VerifyAllProductsAndProductDetailPage got failed.
--Taken screenshot:VerifyAllProductsAndProductDetailPage
Browser is closed.

Chrome browser is Launched.
Browser Window is maximized.
Test Case:11.
VerifySearchProduct started executing...
VerifySearchProduct got failed.
--Taken screenshot:VerifySearchProduct
Browser is closed.

Chrome browser is Launched.
Browser Window is maximized.
Test Case:12.
VerifySearchProduct started executing...
Home Page is displayed successfully
Click on 'Products' button,Verify user is navigated to ALL PRODUCTS page successfully
Enter product name in search input and click search button, Verify 'SEARCHED PRODUCTS' is visible
VerifySearchProduct got failed.
--Taken screenshot:VerifySearchProduct
Browser is closed.

Chrome browser is Launched.
Browser Window is maximized.
Test Case:13.
VerifySubscriptionInHomePage started executing...
Home Page is displayed successfully
Scroll down to footer, Verify text 'SUBSCRIPTION'
VerifySubscriptionInHomePage got passed.
Browser is closed.

Chrome browser is Launched.
Browser Window is maximized.
Test Case:14.
VerifySubscriptionInCartPage started executing...
Home Page is displayed successfully
VerifySubscriptionInCartPage got passed.
Browser is closed.

Chrome browser is Launched.
Browser Window is maximized.
Test Case:15.
VerifyAddProductsInCart started executing...
Home Page is displayed successfully
VerifyAddProductsInCart got failed.
--Taken screenshot:VerifyAddProductsInCart
Browser is closed.

Chrome browser is Launched.
Browser Window is maximized.
Test Case:16.
VerifyProductQuantityInCart started executing...
Home Page is displayed successfully
VerifyProductQuantityInCart got passed.
Browser is closed.

Chrome browser is Launched.
Browser Window is maximized.
Test Case:17.
VerifyPlaceOrderRegisterWhileCheckout started executing...
step 4-6:Add products to cart, Click 'Cart' button, Verify that cart page is displayed
step 7-8: Click Proceed To Checkout, Click 'Register / Login' button
Clicked on Signup link
'New User Signup!'- is visible
Entered username
Entered Email
clicked on Signup
step 9: Fill all details in Signup and create account
Filled account details
Clicked on Create Account
step 16-17: Enter payment details: Name on Card, Card Number, CVC, Expiration date, Click 'Pay and Confirm Order' button
click on deleteAccount
click on continue
Deleted the account and the HomePagedisplaced 
VerifyPlaceOrderRegisterWhileCheckout got passed.
Browser is closed.

Chrome browser is Launched.
Browser Window is maximized.
Test Case:18.
VerifyPlaceOrderRegisterBeforeCheckout started executing...
Clicked on Signup link
'New User Signup!'- is visible
Entered username
Entered Email
clicked on Signup
Filled account details
Clicked on Create Account
 Click 'Signup / Login' button,Fill all details in Signup and create account
Verify 'ACCOUNT CREATED!' and click 'Continue' button, Verify ' Logged in as username' at top
Add products to cart, Click 'Cart' button, Verify that cart page is displayed
VerifyPlaceOrderRegisterBeforeCheckout got failed.
--Taken screenshot:VerifyPlaceOrderRegisterBeforeCheckout
Browser is closed.

Chrome browser is Launched.
Browser Window is maximized.
Test Case:19.
testPlaceOrderLoginBeforeCheckout started executing...
testPlaceOrderLoginBeforeCheckout got failed.
--Taken screenshot:testPlaceOrderLoginBeforeCheckout
Browser is closed.

Chrome browser is Launched.
Browser Window is maximized.
Test Case:20.
testRemoveProductsFromCart started executing...
Verified that cart page is displayed
Verified that product is removed from the cart
testRemoveProductsFromCart got passed.
Browser is closed.

Chrome browser is Launched.
Browser Window is maximized.
Test Case:21.
testViewCategoryProducts started executing...
draged
testViewCategoryProducts got failed.
--Taken screenshot:testViewCategoryProducts
Browser is closed.

Chrome browser is Launched.
Browser Window is maximized.
Test Case:22.
testViewAndCartBrandProducts started executing...
product Page is displayed successfully
Verified that Brands are visible on left side bar
 Verified that user is navigated to brand page and brand products are displayed
testViewAndCartBrandProducts got passed.
Browser is closed.

Chrome browser is Launched.
Browser Window is maximized.
Test Case:23.
testSearchProductsAndVerifyCartAfterLogin started executing...
testSearchProductsAndVerifyCartAfterLogin got failed.
--Taken screenshot:testSearchProductsAndVerifyCartAfterLogin
Browser is closed.

Chrome browser is Launched.
Browser Window is maximized.
Test Case:24.
testAddReviewOnProduct started executing...
Verified user is navigated to ALL PRODUCTS page successfully
Verified 'Write Your Review' is visible
Verify success message 'Thank you for your review.'

testAddReviewOnProduct got passed.
Browser is closed.

Chrome browser is Launched.
Browser Window is maximized.
Test Case:25.
testAddToCartFromRecommendedItems started executing...
Verify 'RECOMMENDED ITEMS' are visible
testAddToCartFromRecommendedItems got failed.
--Taken screenshot:testAddToCartFromRecommendedItems
Browser is closed.

Chrome browser is Launched.
Browser Window is maximized.
Test Case:26.
testVerifyAddressDetailsInCheckoutPage started executing...
'New User Signup!'- is visible,(Signup Page is opened Successfully)
Entered username: XIMPsz
Entered Email: zhRUDD@gmailwBNG
Filled account details
Clicked on Create Account
'Acount created'- is visible
Successfully 'LoggedInAs: XIMPsz
Add products to cart, Click 'Cart' button, Verified that cart page is displayed
Verified that the delivery address is same address filled at the time registration of account
Verified that the billing address is same address filled at the time registration of account
Deleted the account and the HomePagedisplaced 
testVerifyAddressDetailsInCheckoutPage got passed.
Browser is closed.

Chrome browser is Launched.
Browser Window is maximized.
Test Case:27.
testDownloadInvoiceAfterPurchaseOrder started executing...
Add products to cart, Click 'Cart' button, Verified that cart page is displayed
'New User Signup!'- is visible,(Signup Page is opened Successfully)
Entered username: kfZhRO
Entered Email: FgMzrV@gmailSfMY
Filled account details
Clicked on Create Account
'Acount created'- is visible
Successfully 'LoggedInAs: kfZhRO
Commented and navigated to payment page
Deleted the account and the HomePagedisplaced 
testDownloadInvoiceAfterPurchaseOrder got passed.
Browser is closed.

Chrome browser is Launched.
Browser Window is maximized.
Test Case:28.
testVerifyScrollUpUsingArrowButtonAndScrollDownFunctionality started executing...
Verified 'SUBSCRIPTION' is visible
Verified that page is scrolled up and 'Full-Fledged practice website for Automation Engineers' text is visible on screen
testVerifyScrollUpUsingArrowButtonAndScrollDownFunctionality got passed.
Browser is closed.

Chrome browser is Launched.
Browser Window is maximized.
Test Case:29.
testVerifyScrollUpWithoutArrowButtonAndScrollDownFunctionality started executing...
Verified 'SUBSCRIPTION' is visible
testVerifyScrollUpWithoutArrowButtonAndScrollDownFunctionality got passed.
Browser is closed.

******* Test Case execution finished ******
******* Test Case execution started ******
Firefox browser is Launched.
Browser Window is maximized.
Test Case:30.
VerifyHomePage started executing...
Navigating to baseUrl: http://automationexercise.com
HomePage is displayed successfully
VerifyHomePage got passed.
Test Case:31.
verifySignupRegistration started executing...
Home Page is displayed successfully
verifySignupRegistration got failed.
--Taken screenshot:verifySignupRegistration
Browser is closed.

Firefox browser is Launched.
Browser Window is maximized.
Test Case:32.
verifyUserRegistrationFlow started executing...
Navigating to baseURL: http://automationexercise.com
Home Page is displayed successfully
'New User Signup!' is visible
Signup form submitted
'ENTER ACCOUNT INFORMATION' is visible
Filled account details
Clicked on Create Account
'ACCOUNT CREATED!' is visible
Clicked on Continue
User is logged in as User1
verifyUserRegistrationFlow got passed.
Browser is closed.

Firefox browser is Launched.
Browser Window is maximized.
Test Case:33.
verifyLoginUserWithCorrectEmailAndPasswordFlow started executing...
'Login to your account' is visible
verifyLoginUserWithCorrectEmailAndPasswordFlow got passed.
Browser is closed.

Firefox browser is Launched.
Browser Window is maximized.
Test Case:34.
verifyLoginUserIncorrectEmailAndPasswordFlow started executing...
HomePage is displayed
verifyLoginUserIncorrectEmailAndPasswordFlow got passed.
Browser is closed.

Firefox browser is Launched.
Browser Window is maximized.
Test Case:35.
verifyLogoutUserFlow started executing...
'Login to your account' is visible
Entered correct email address and password, Clicked 'login' button
verifyLogoutUserFlow got failed.
--Taken screenshot:verifyLogoutUserFlow
Browser is closed.

Firefox browser is Launched.
Browser Window is maximized.
Test Case:36.
verifyRegisterUserWithExistingEmailFlow started executing...
'New User Signup!' is visible
Entered name and already registered email address,Clicked 'Signup' button
verifyRegisterUserWithExistingEmailFlow got failed.
--Taken screenshot:verifyRegisterUserWithExistingEmailFlow
Browser is closed.

Firefox browser is Launched.
Browser Window is maximized.
Test Case:37.
verifyContactUsForm started executing...
Home Page is displayed successfully
Entered name, email, subject and message,Upload file,Click 'Submit' button,Click OK button
verifyContactUsForm got passed.
Browser is closed.

Firefox browser is Launched.
Browser Window is maximized.
Test Case:38.
verifyContactUsForm started executing...
Home Page is displayed successfully
verifyContactUsForm got passed.
Browser is closed.

Firefox browser is Launched.
Browser Window is maximized.
Test Case:39.
VerifyAllProductsAndProductDetailPage started executing...
Home Page is displayed successfully
VerifyAllProductsAndProductDetailPage got failed.
--Taken screenshot:VerifyAllProductsAndProductDetailPage
Browser is closed.

Firefox browser is Launched.
Browser Window is maximized.
Test Case:40.
VerifySearchProduct started executing...
VerifySearchProduct got failed.
--Taken screenshot:VerifySearchProduct
Browser is closed.

Firefox browser is Launched.
Browser Window is maximized.
Test Case:41.
VerifySearchProduct started executing...
Home Page is displayed successfully
Click on 'Products' button,Verify user is navigated to ALL PRODUCTS page successfully
Enter product name in search input and click search button, Verify 'SEARCHED PRODUCTS' is visible
VerifySearchProduct got failed.
--Taken screenshot:VerifySearchProduct
Browser is closed.

Firefox browser is Launched.
Browser Window is maximized.
Test Case:42.
VerifySubscriptionInHomePage started executing...
Home Page is displayed successfully
Scroll down to footer, Verify text 'SUBSCRIPTION'
VerifySubscriptionInHomePage got passed.
Browser is closed.

Firefox browser is Launched.
Browser Window is maximized.
Test Case:43.
VerifySubscriptionInCartPage started executing...
Home Page is displayed successfully
VerifySubscriptionInCartPage got passed.
Browser is closed.

Firefox browser is Launched.
Browser Window is maximized.
Test Case:44.
VerifyAddProductsInCart started executing...
Home Page is displayed successfully
VerifyAddProductsInCart got failed.
--Taken screenshot:VerifyAddProductsInCart
Browser is closed.

Firefox browser is Launched.
Browser Window is maximized.
Test Case:45.
VerifyProductQuantityInCart started executing...
Home Page is displayed successfully
VerifyProductQuantityInCart got passed.
Browser is closed.

Firefox browser is Launched.
Browser Window is maximized.
Test Case:46.
VerifyPlaceOrderRegisterWhileCheckout started executing...
VerifyPlaceOrderRegisterWhileCheckout got failed.
--Taken screenshot:VerifyPlaceOrderRegisterWhileCheckout
Browser is closed.

Firefox browser is Launched.
Browser Window is maximized.
Test Case:47.
VerifyPlaceOrderRegisterBeforeCheckout started executing...
Clicked on Signup link
'New User Signup!'- is visible
Entered username
Entered Email
clicked on Signup
VerifyPlaceOrderRegisterBeforeCheckout got failed.
--Taken screenshot:VerifyPlaceOrderRegisterBeforeCheckout
Browser is closed.

Firefox browser is Launched.
Browser Window is maximized.
Test Case:48.
testPlaceOrderLoginBeforeCheckout started executing...
testPlaceOrderLoginBeforeCheckout got failed.
--Taken screenshot:testPlaceOrderLoginBeforeCheckout
Browser is closed.

Firefox browser is Launched.
Browser Window is maximized.
Test Case:49.
testRemoveProductsFromCart started executing...
testRemoveProductsFromCart got failed.
--Taken screenshot:testRemoveProductsFromCart
Browser is closed.

Firefox browser is Launched.
Browser Window is maximized.
Test Case:50.
testViewCategoryProducts started executing...
draged
testViewCategoryProducts got failed.
--Taken screenshot:testViewCategoryProducts
Browser is closed.

Firefox browser is Launched.
Browser Window is maximized.
Test Case:51.
testViewAndCartBrandProducts started executing...
product Page is displayed successfully
Verified that Brands are visible on left side bar
 Verified that user is navigated to brand page and brand products are displayed
testViewAndCartBrandProducts got passed.
Browser is closed.

Firefox browser is Launched.
Browser Window is maximized.
Test Case:52.
testSearchProductsAndVerifyCartAfterLogin started executing...
Verified user is navigated to ALL PRODUCTS page successfully
Total displayed products: 14
testSearchProductsAndVerifyCartAfterLogin got failed.
--Taken screenshot:testSearchProductsAndVerifyCartAfterLogin
Browser is closed.

Firefox browser is Launched.
Browser Window is maximized.
Test Case:53.
testAddReviewOnProduct started executing...
Verified user is navigated to ALL PRODUCTS page successfully
Verified 'Write Your Review' is visible
Verify success message 'Thank you for your review.'

testAddReviewOnProduct got passed.
Browser is closed.

Firefox browser is Launched.
Browser Window is maximized.
Test Case:54.
testAddToCartFromRecommendedItems started executing...
Verify 'RECOMMENDED ITEMS' are visible
testAddToCartFromRecommendedItems got failed.
--Taken screenshot:testAddToCartFromRecommendedItems
Browser is closed.

Firefox browser is Launched.
Browser Window is maximized.
Test Case:55.
testVerifyAddressDetailsInCheckoutPage started executing...
'New User Signup!'- is visible,(Signup Page is opened Successfully)
Entered username: DaQKaF
Entered Email: NPSpWm@gmailYWQe
Filled account details
Clicked on Create Account
'Acount created'- is visible
Successfully 'LoggedInAs: DaQKaF
testVerifyAddressDetailsInCheckoutPage got failed.
--Taken screenshot:testVerifyAddressDetailsInCheckoutPage
Browser is closed.

Firefox browser is Launched.
Browser Window is maximized.
Test Case:56.
testDownloadInvoiceAfterPurchaseOrder started executing...
testDownloadInvoiceAfterPurchaseOrder got failed.
--Taken screenshot:testDownloadInvoiceAfterPurchaseOrder
Browser is closed.

Firefox browser is Launched.
Browser Window is maximized.
Test Case:57.
testVerifyScrollUpUsingArrowButtonAndScrollDownFunctionality started executing...
Verified 'SUBSCRIPTION' is visible
Verified that page is scrolled up and 'Full-Fledged practice website for Automation Engineers' text is visible on screen
testVerifyScrollUpUsingArrowButtonAndScrollDownFunctionality got passed.
Browser is closed.

Firefox browser is Launched.
Browser Window is maximized.
Test Case:58.
testVerifyScrollUpWithoutArrowButtonAndScrollDownFunctionality started executing...
Verified 'SUBSCRIPTION' is visible
testVerifyScrollUpWithoutArrowButtonAndScrollDownFunctionality got passed.
Browser is closed.
]]>
  </system-out>
</testsuite> <!-- testCases.TC015_PlaceOrderRegisterBeforeCheckout -->
