<?xml version="1.0" encoding="UTF-8"?>
<!-- Generated by org.testng.reporters.JUnitReportReporter -->
<testsuite hostname="DESKTOP-9T08QN7" failures="0" tests="2" name="testCases.TC023_VerifyAddressDetailsInCheckoutPage" time="75.426" errors="1" timestamp="2025-08-15T01:08:12 IST" skipped="0">
  <testcase classname="testCases.TC023_VerifyAddressDetailsInCheckoutPage" name="testVerifyAddressDetailsInCheckoutPage" time="28.000">
    <error message="Move target (540, 658) is out of bounds of viewport dimensions (1366, 643)
Build info: version: &#039;4.34.0&#039;, revision: &#039;707dcb4246*&#039;
System info: os.name: &#039;Windows 10&#039;, os.arch: &#039;amd64&#039;, os.version: &#039;10.0&#039;, java.version: &#039;21.0.1&#039;
Driver info: org.openqa.selenium.firefox.FirefoxDriver
Command: [b9815312-473e-4228-8c03-0d6092c35208, actions {actions=[org.openqa.selenium.interactions.Sequence@64c4c01]}]
Capabilities {acceptInsecureCerts: true, browserName: firefox, browserVersion: 141.0.3, moz:accessibilityChecks: false, moz:buildID: 20250806102122, moz:geckodriverVersion: 0.36.0, moz:headless: false, moz:platformVersion: 10.0, moz:processID: 8576, moz:profile: C:\Users\UDAYAS~1\AppData\L..., moz:shutdownTimeout: 60000, moz:webdriverClick: true, moz:windowless: false, pageLoadStrategy: normal, platformName: windows, proxy: Proxy(), setWindowRect: true, strictFileInteractability: false, timeouts: {implicit: 0, pageLoad: 300000, script: 30000}, unhandledPromptBehavior: dismiss and notify, userAgent: Mozilla/5.0 (Windows NT 10....}
Session ID: b9815312-473e-4228-8c03-0d6092c35208" type="org.openqa.selenium.interactions.MoveTargetOutOfBoundsException">
      <![CDATA[org.openqa.selenium.interactions.MoveTargetOutOfBoundsException: Move target (540, 658) is out of bounds of viewport dimensions (1366, 643)
Build info: version: '4.34.0', revision: '707dcb4246*'
System info: os.name: 'Windows 10', os.arch: 'amd64', os.version: '10.0', java.version: '21.0.1'
Driver info: org.openqa.selenium.firefox.FirefoxDriver
Command: [b9815312-473e-4228-8c03-0d6092c35208, actions {actions=[org.openqa.selenium.interactions.Sequence@64c4c01]}]
Capabilities {acceptInsecureCerts: true, browserName: firefox, browserVersion: 141.0.3, moz:accessibilityChecks: false, moz:buildID: 20250806102122, moz:geckodriverVersion: 0.36.0, moz:headless: false, moz:platformVersion: 10.0, moz:processID: 8576, moz:profile: C:\Users\UDAYAS~1\AppData\L..., moz:shutdownTimeout: 60000, moz:webdriverClick: true, moz:windowless: false, pageLoadStrategy: normal, platformName: windows, proxy: Proxy(), setWindowRect: true, strictFileInteractability: false, timeouts: {implicit: 0, pageLoad: 300000, script: 30000}, unhandledPromptBehavior: dismiss and notify, userAgent: Mozilla/5.0 (Windows NT 10....}
Session ID: b9815312-473e-4228-8c03-0d6092c35208
at java.base/jdk.internal.reflect.DirectConstructorHandleAccessor.newInstance(DirectConstructorHandleAccessor.java:62)
at java.base/java.lang.reflect.Constructor.newInstanceWithCaller(Constructor.java:502)
at java.base/java.lang.reflect.Constructor.newInstance(Constructor.java:486)
at org.openqa.selenium.remote.ErrorCodec.decode(ErrorCodec.java:167)
at org.openqa.selenium.remote.codec.w3c.W3CHttpResponseCodec.decode(W3CHttpResponseCodec.java:138)
at org.openqa.selenium.remote.codec.w3c.W3CHttpResponseCodec.decode(W3CHttpResponseCodec.java:50)
at org.openqa.selenium.remote.HttpCommandExecutor.execute(HttpCommandExecutor.java:215)
at org.openqa.selenium.remote.service.DriverCommandExecutor.invokeExecute(DriverCommandExecutor.java:216)
at org.openqa.selenium.remote.service.DriverCommandExecutor.execute(DriverCommandExecutor.java:174)
at org.openqa.selenium.remote.RemoteWebDriver.execute(RemoteWebDriver.java:544)
at org.openqa.selenium.remote.RemoteWebDriver.perform(RemoteWebDriver.java:630)
at org.openqa.selenium.interactions.Actions$BuiltAction.perform(Actions.java:616)
at org.openqa.selenium.interactions.Actions.perform(Actions.java:581)
at pageObjects.HomePage.mouseHoverToProduct1(HomePage.java:119)
at testCases.TC023_VerifyAddressDetailsInCheckoutPage.testVerifyAddressDetailsInCheckoutPage(TC023_VerifyAddressDetailsInCheckoutPage.java:56)
at java.base/jdk.internal.reflect.DirectMethodHandleAccessor.invoke(DirectMethodHandleAccessor.java:103)
at java.base/java.lang.reflect.Method.invoke(Method.java:580)
at org.testng.internal.invokers.MethodInvocationHelper.invokeMethod(MethodInvocationHelper.java:141)
at org.testng.internal.invokers.TestInvoker.invokeMethod(TestInvoker.java:687)
at org.testng.internal.invokers.TestInvoker.invokeTestMethod(TestInvoker.java:230)
at org.testng.internal.invokers.MethodRunner.runInSequence(MethodRunner.java:63)
at org.testng.internal.invokers.TestInvoker$MethodInvocationAgent.invoke(TestInvoker.java:995)
at org.testng.internal.invokers.TestInvoker.invokeTestMethods(TestInvoker.java:203)
at org.testng.internal.invokers.TestMethodWorker.invokeTestMethods(TestMethodWorker.java:154)
at org.testng.internal.invokers.TestMethodWorker.run(TestMethodWorker.java:134)
at java.base/java.util.ArrayList.forEach(ArrayList.java:1596)
at org.testng.TestRunner.privateRun(TestRunner.java:741)
at org.testng.TestRunner.run(TestRunner.java:616)
at org.testng.SuiteRunner.runTest(SuiteRunner.java:421)
at org.testng.SuiteRunner.runSequentially(SuiteRunner.java:413)
at org.testng.SuiteRunner.privateRun(SuiteRunner.java:373)
at org.testng.SuiteRunner.run(SuiteRunner.java:312)
at org.testng.SuiteRunnerWorker.runSuite(SuiteRunnerWorker.java:52)
at org.testng.SuiteRunnerWorker.run(SuiteRunnerWorker.java:95)
at org.testng.TestNG.runSuitesSequentially(TestNG.java:1274)
at org.testng.TestNG.runSuitesLocally(TestNG.java:1208)
at org.testng.TestNG.runSuites(TestNG.java:1112)
at org.testng.TestNG.run(TestNG.java:1079)
at org.testng.remote.AbstractRemoteTestNG.run(AbstractRemoteTestNG.java:115)
at org.testng.remote.RemoteTestNG.initAndRun(RemoteTestNG.java:293)
at org.testng.remote.RemoteTestNG.main(RemoteTestNG.java:91)
]]>
    </error>
    <system-out>
      <![CDATA[Test Case:1.
testVerifyAddressDetailsInCheckoutPage started executing...
Navigating to baseURL: http://automationexercise.com
Home Page is displayed successfully
Navigate to home page and verified
'New User Signup!'- is visible,(Signup Page is opened Successfully)
Entered username: gsjjEK
Entered Email: vsNqgc@gmailSQJf
Filled account details
Clicked on Create Account
'Acount created'- is visible
Successfully 'LoggedInAs: gsjjEK
testVerifyAddressDetailsInCheckoutPage got failed.
--Taken screenshot:testVerifyAddressDetailsInCheckoutPage]]>
    </system-out>
  </testcase> <!-- testVerifyAddressDetailsInCheckoutPage -->
  <testcase classname="testCases.TC023_VerifyAddressDetailsInCheckoutPage" name="testVerifyAddressDetailsInCheckoutPage" time="47.426">
    <system-out>
      <![CDATA[Test Case:5.
testVerifyAddressDetailsInCheckoutPage started executing...
Navigating to baseURL: http://automationexercise.com
Home Page is displayed successfully
Navigate to home page and verified
'New User Signup!'- is visible,(Signup Page is opened Successfully)
Entered username: BUGwvr
Entered Email: iSqmIU@gmailVsdZ
Filled account details
Clicked on Create Account
'Acount created'- is visible
Successfully 'LoggedInAs: BUGwvr
Add products to cart, Click 'Cart' button, Verified that cart page is displayed
Verified that the delivery address is same address filled at the time registration of account
Verified that the billing address is same address filled at the time registration of account
Deleted the account and the HomePagedisplaced 
testVerifyAddressDetailsInCheckoutPage got passed.]]>
    </system-out>
  </testcase> <!-- testVerifyAddressDetailsInCheckoutPage -->
  <system-out>
    <![CDATA[******* Test Case execution started ******
Firefox browser is Launched.
Browser Window is maximized.
Test Case:1.
testVerifyAddressDetailsInCheckoutPage started executing...
Navigating to baseURL: http://automationexercise.com
Home Page is displayed successfully
Navigate to home page and verified
'New User Signup!'- is visible,(Signup Page is opened Successfully)
Entered username: gsjjEK
Entered Email: vsNqgc@gmailSQJf
Filled account details
Clicked on Create Account
'Acount created'- is visible
Successfully 'LoggedInAs: gsjjEK
testVerifyAddressDetailsInCheckoutPage got failed.
--Taken screenshot:testVerifyAddressDetailsInCheckoutPage
Browser is closed.

Firefox browser is Launched.
Browser Window is maximized.
Test Case:2.
testDownloadInvoiceAfterPurchaseOrder started executing...
Navigating to baseURL: http://automationexercise.com
Home Page is displayed successfully
Navigate to home page and verified
testDownloadInvoiceAfterPurchaseOrder got failed.
--Taken screenshot:testDownloadInvoiceAfterPurchaseOrder
Browser is closed.

Firefox browser is Launched.
Browser Window is maximized.
Test Case:3.
testVerifyScrollUpUsingArrowButtonAndScrollDownFunctionality started executing...
Navigating to baseURL: http://automationexercise.com
Home Page is displayed successfully
Navigate to home page and verified
Verified 'SUBSCRIPTION' is visible
Verified that page is scrolled up and 'Full-Fledged practice website for Automation Engineers' text is visible on screen
testVerifyScrollUpUsingArrowButtonAndScrollDownFunctionality got passed.
Browser is closed.

Firefox browser is Launched.
Browser Window is maximized.
Test Case:4.
testVerifyScrollUpWithoutArrowButtonAndScrollDownFunctionality started executing...
Navigating to baseURL: http://automationexercise.com
Home Page is displayed successfully
Navigate to home page and verified
Verified 'SUBSCRIPTION' is visible
testVerifyScrollUpWithoutArrowButtonAndScrollDownFunctionality got passed.
Browser is closed.

******* Test Case execution finished ******
******* Test Case execution started ******
Chrome browser is Launched.
Browser Window is maximized.
Test Case:5.
testVerifyAddressDetailsInCheckoutPage started executing...
Navigating to baseURL: http://automationexercise.com
Home Page is displayed successfully
Navigate to home page and verified
'New User Signup!'- is visible,(Signup Page is opened Successfully)
Entered username: BUGwvr
Entered Email: iSqmIU@gmailVsdZ
Filled account details
Clicked on Create Account
'Acount created'- is visible
Successfully 'LoggedInAs: BUGwvr
Add products to cart, Click 'Cart' button, Verified that cart page is displayed
Verified that the delivery address is same address filled at the time registration of account
Verified that the billing address is same address filled at the time registration of account
Deleted the account and the HomePagedisplaced 
testVerifyAddressDetailsInCheckoutPage got passed.
Browser is closed.

Chrome browser is Launched.
Browser Window is maximized.
Test Case:6.
testDownloadInvoiceAfterPurchaseOrder started executing...
Navigating to baseURL: http://automationexercise.com
Home Page is displayed successfully
Navigate to home page and verified
Add products to cart, Click 'Cart' button, Verified that cart page is displayed
'New User Signup!'- is visible,(Signup Page is opened Successfully)
Entered username: OWmSjs
Entered Email: puqizp@gmailQkmT
Filled account details
Clicked on Create Account
'Acount created'- is visible
Successfully 'LoggedInAs: OWmSjs
Commented and navigated to payment page
Deleted the account and the HomePagedisplaced 
testDownloadInvoiceAfterPurchaseOrder got passed.
Browser is closed.

Chrome browser is Launched.
Browser Window is maximized.
Test Case:7.
testVerifyScrollUpUsingArrowButtonAndScrollDownFunctionality started executing...
Navigating to baseURL: http://automationexercise.com
Home Page is displayed successfully
Navigate to home page and verified
Verified 'SUBSCRIPTION' is visible
Verified that page is scrolled up and 'Full-Fledged practice website for Automation Engineers' text is visible on screen
testVerifyScrollUpUsingArrowButtonAndScrollDownFunctionality got passed.
Browser is closed.

Chrome browser is Launched.
Browser Window is maximized.
Test Case:8.
testVerifyScrollUpWithoutArrowButtonAndScrollDownFunctionality started executing...
Navigating to baseURL: http://automationexercise.com
Home Page is displayed successfully
Navigate to home page and verified
Verified 'SUBSCRIPTION' is visible
testVerifyScrollUpWithoutArrowButtonAndScrollDownFunctionality got passed.
Browser is closed.
]]>
  </system-out>
</testsuite> <!-- testCases.TC023_VerifyAddressDetailsInCheckoutPage -->
